13:19:44.708 [main                     ] DEBUG Logger               - Configured Logger
13:19:44.729 [main                     ] DEBUG GameApplication      - Logging settings
Title: Culebrita
Version: 0.1
Width: 1400
Height: 700
Fullscreen: false
Intro: false
Profiling: false
Single step:false
App Mode: DEVELOPER
Menu Key: ESCAPE
Stage Style: DECORATED
Scene Factory: class com.almasb.fxgl.app.scene.SceneFactory

13:19:45.034 [JavaFX Application Thread] DEBUG FXGLApplication      - Initializing FXGL
13:19:45.037 [JavaFX Application Thread] INFO  Engine               - FXGL-17.3 (30.03.2023 11.49) on WINDOWS (J:21.0.3 FX:21)
13:19:45.037 [JavaFX Application Thread] DEBUG Engine               - JRE Vendor Name: Amazon.com Inc.
13:19:45.038 [JavaFX Application Thread] DEBUG Engine               - Running on OS: Windows 11 version 10.0
13:19:45.038 [JavaFX Application Thread] DEBUG Engine               - Architecture: amd64
13:19:45.038 [JavaFX Application Thread] INFO  Engine               - Source code and latest versions at: https://github.com/AlmasB/FXGL
13:19:45.038 [JavaFX Application Thread] INFO  Engine               -       Ask questions and discuss at: https://github.com/AlmasB/FXGL/discussions
13:19:45.038 [JavaFX Application Thread] INFO  Engine               -              Join the FXGL chat at: https://gitter.im/AlmasB/FXGL
13:19:45.097 [JavaFX Application Thread] DEBUG PrimaryStageWindow   - Creating a JavaFX scene
13:19:45.129 [JavaFX Application Thread] DEBUG PrimaryStageWindow   - Target settings size: 1400.0 x 700.0
13:19:45.129 [JavaFX Application Thread] DEBUG PrimaryStageWindow   - Scaled scene size:    1400.0 x 700.0
13:19:45.129 [JavaFX Application Thread] DEBUG PrimaryStageWindow   - Scaled ratio: (1.0, 1.0)
13:19:45.130 [JavaFX Application Thread] DEBUG PrimaryStageWindow   - Set initial scene to FXGLStartupScene
13:19:45.132 [JavaFX Application Thread] DEBUG PrimaryStageWindow   - Opening main window
13:19:45.188 [JavaFX Application Thread] DEBUG PrimaryStageWindow   - Window border size: (14.4000244140625, 37.5999755859375)
13:19:45.188 [JavaFX Application Thread] DEBUG PrimaryStageWindow   - Scaled size: 1400.0 x 700.0
13:19:45.188 [JavaFX Application Thread] DEBUG PrimaryStageWindow   - Scaled ratio: (1.0, 1.0)
13:19:45.188 [JavaFX Application Thread] DEBUG PrimaryStageWindow   - Scene size: 1400.0 x 700.0
13:19:45.189 [JavaFX Application Thread] DEBUG PrimaryStageWindow   - Stage size: 1414.4000244140625 x 737.5999755859375
13:19:45.194 [FXGL Background Thread 1 ] DEBUG Engine               - Initializing environment variables
13:19:45.233 [FXGL Background Thread 1 ] DEBUG FXGLAssetLoaderServi - User app class for loading assets: class appRunner.CulebritaApplication
13:19:45.233 [FXGL Background Thread 1 ] DEBUG GameApplicationServi - Applying CSS: fxgl_dark.css
13:19:45.234 [FXGL Background Thread 1 ] DEBUG FXGLAssetLoaderServi - Loading from file system: jar:file:///C:/Users/Jose/.m2/repository/com/github/almasb/fxgl/17.3/fxgl-17.3.jar!/fxglassets/ui/css/fxgl_dark.css
13:19:45.263 [FXGL Background Thread 1 ] DEBUG GameApplicationServi - Initializing application scenes
13:19:45.286 [FXGL Background Thread 1 ] DEBUG GameWorld            - Game world initialized
13:19:45.338 [FXGL Background Thread 1 ] DEBUG PhysicsWorld         - Physics world initialized: appHeight=700, physics.ppm=50,0
13:19:45.339 [FXGL Background Thread 1 ] DEBUG PhysicsWorld         - Using strategy: BRUTE_FORCE
13:19:45.342 [FXGL Background Thread 1 ] DEBUG GameScene            - Game scene initialized: 1400x700
13:19:45.349 [FXGL Background Thread 1 ] DEBUG FXGL.DefaultMenu     - createMenuBodyGameMenu()
13:19:45.356 [FXGL Background Thread 1 ] DEBUG FXGL.DefaultMenu     - createOptionsMenu()
13:19:45.361 [FXGL Background Thread 1 ] DEBUG FXGLAssetLoaderServi - Loading from file system: jar:file:///C:/Users/Jose/.m2/repository/com/github/almasb/fxgl/17.3/fxgl-17.3.jar!/fxglassets/textures/particles/smoke.png
13:19:45.422 [FXGL Background Thread 1 ] DEBUG FXGLAssetLoaderServi - Loading from file system: jar:file:///C:/Users/Jose/.m2/repository/com/github/almasb/fxgl/17.3/fxgl-17.3.jar!/fxglassets/textures/particles/trace_horizontal.png
13:19:45.443 [FXGL Background Thread 1 ] DEBUG GameApplicationServi - Application scenes initialized
13:19:45.452 [FXGL Background Thread 1 ] DEBUG SystemBundleService  - Loading FXGL system data
13:19:45.455 [FXGL Background Thread 1 ] DEBUG FileSystemAccess     - Reading from: C:\Users\Jose\Documents\Universidad\demo\system\fxgl.bundle
13:19:45.462 [FXGL Background Thread 1 ] DEBUG SystemBundleService  - Bundle FXGL: {}
13:19:45.462 [FXGL Background Thread 1 ] DEBUG UpdaterService       - Checking for updates
13:19:45.465 [FXGL Background Thread 4 ] DEBUG FXGLApplication      - Loading fonts
13:19:45.465 [FXGL Background Thread 4 ] DEBUG FXGLAssetLoaderServi - Loading from file system: jar:file:///C:/Users/Jose/.m2/repository/com/github/almasb/fxgl/17.3/fxgl-17.3.jar!/fxglassets/ui/fonts/VarelaRound-Regular.ttf
13:19:45.466 [FXGL Background Thread 1 ] DEBUG FXGLApplication      - Loading default localization
13:19:45.466 [FXGL Background Thread 1 ] DEBUG FXGLAssetLoaderServi - Loading from file system: jar:file:///C:/Users/Jose/.m2/repository/com/github/almasb/fxgl/17.3/fxgl-17.3.jar!/fxglassets/languages/english.lang
13:19:45.487 [FXGL Background Thread 1 ] INFO  FXGLApplication      - FXGL initialization took: 0,293 sec
13:19:45.495 [JavaFX Application Thread] DEBUG Input                - Registered new binding: Mover hacia arriba - Up
13:19:45.495 [JavaFX Application Thread] DEBUG Input                - Registered new binding: Mover hacia abajo - Down
13:19:45.496 [JavaFX Application Thread] DEBUG Input                - Registered new binding: Mover hacia la izquierda - Left
13:19:45.496 [JavaFX Application Thread] DEBUG Input                - Registered new binding: Mover hacia la derecha - Right
13:19:45.496 [JavaFX Application Thread] DEBUG FXGLAssetLoaderServi - Loading from file system: jar:file:///C:/Users/Jose/.m2/repository/com/github/almasb/fxgl/17.3/fxgl-17.3.jar!/fxglassets/textures/fxgl_icon.png
13:19:45.496 [FXGL Background Thread 4 ] DEBUG FXGLAssetLoaderServi - Loading from file system: jar:file:///C:/Users/Jose/.m2/repository/com/github/almasb/fxgl/17.3/fxgl-17.3.jar!/fxglassets/ui/fonts/Abel-Regular.ttf
13:19:45.505 [FXGL Background Thread 4 ] DEBUG FXGLAssetLoaderServi - Loading from file system: jar:file:///C:/Users/Jose/.m2/repository/com/github/almasb/fxgl/17.3/fxgl-17.3.jar!/fxglassets/ui/fonts/TerminalLandMono-Regular.otf
13:19:45.513 [JavaFX Application Thread] DEBUG FXGLAssetLoaderServi - Loading from file system: jar:file:///C:/Users/Jose/.m2/repository/com/github/almasb/fxgl/17.3/fxgl-17.3.jar!/fxglassets/textures/fxgl_default_cursor.png
13:19:45.515 [FXGL Background Thread 4 ] DEBUG FXGLAssetLoaderServi - Loading from file system: jar:file:///C:/Users/Jose/.m2/repository/com/github/almasb/fxgl/17.3/fxgl-17.3.jar!/fxglassets/ui/fonts/Courier-Prime.ttf
13:19:45.515 [JavaFX Application Thread] DEBUG Input                - Registered new binding: Screenshot - CTRL+8
13:19:45.516 [JavaFX Application Thread] DEBUG Input                - Registered new binding: System info dump - CTRL+9
13:19:45.516 [JavaFX Application Thread] DEBUG Input                - Registered new binding: Restart - CTRL+R
13:19:45.516 [JavaFX Application Thread] DEBUG Input                - Registered new binding: Toggle Debug Camera - CTRL+7
13:19:45.518 [JavaFX Application Thread] DEBUG LoopRunner           - Starting loop
13:19:45.519 [JavaFX Application Thread] DEBUG LoopRunner           - Initializing JavaFX AnimationTimerLoop
13:19:45.520 [JavaFX Application Thread] DEBUG GameApplicationServi - Starting new game
13:19:45.520 [JavaFX Application Thread] DEBUG Input                - Clearing active input actions
13:19:45.530 [JavaFX Application Thread] DEBUG GameApplicationServi - Removing overlay from FXGLStartupScene and adding to FXGLLoadingScene
13:19:45.531 [JavaFX Application Thread] DEBUG PrimaryStageWindow   - FXGLStartupScene -> FXGLLoadingScene
13:19:45.531 [JavaFX Application Thread] DEBUG GameApplicationServi - Clearing previous game
13:19:45.531 [JavaFX Application Thread] DEBUG GameScene            - Clearing game scene
13:19:45.531 [JavaFX Application Thread] DEBUG GameWorld            - Clearing game world
13:19:45.531 [JavaFX Application Thread] DEBUG PhysicsWorld         - Clearing physics world
13:19:45.533 [FXGL Background Thread 4 ] DEBUG FXGLApplication      - Initializing game
13:19:45.538 [FXGL Background Thread 4 ] WARN  FXGLAssetLoaderServi - Asset "/assets/textures/skin.png" was not found!
13:19:45.538 [FXGL Background Thread 4 ] WARN  FXGLAssetLoaderServi - Failed to load RESIZABLE_IMAGE
13:19:45.568 [JavaFX Application Thread] DEBUG FXGLApplication      - Registering font factories with UI factory
13:19:45.636 [FXGL Background Thread 4 ] INFO  FXGLApplication      - Game initialization took: 0,103 sec
13:19:45.644 [JavaFX Application Thread] DEBUG Input                - Clearing active input actions
13:19:45.648 [JavaFX Application Thread] DEBUG GameApplicationServi - Removing overlay from FXGLLoadingScene and adding to GameScene
13:19:45.649 [JavaFX Application Thread] DEBUG PrimaryStageWindow   - FXGLLoadingScene -> GameScene
13:19:46.014 [FXGL Background Thread 2 ] INFO  UpdaterService       - Your current version:  17.3
13:19:46.015 [FXGL Background Thread 2 ] INFO  UpdaterService       - Latest stable version: 21.1
13:19:47.222 [JavaFX Application Thread] DEBUG FXGLApplication      - Exiting FXGL
13:19:47.222 [JavaFX Application Thread] DEBUG LoopRunner           - Stopping loop
13:19:47.222 [JavaFX Application Thread] DEBUG SystemBundleService  - Saving FXGL system data
13:19:47.223 [JavaFX Application Thread] DEBUG FileSystemAccess     - Writing to: C:\Users\Jose\Documents\Universidad\demo\system\fxgl.bundle
13:19:47.225 [JavaFX Application Thread] DEBUG Async                - Shutting down background threads
13:19:47.226 [JavaFX Application Thread] DEBUG PrimaryStageWindow   - Closing main window
13:19:47.237 [JavaFX Application Thread] DEBUG Logger               - Closing Logger
