14:33:14.803 [main                     ] DEBUG Logger               - Configured Logger
14:33:14.805 [main                     ] DEBUG GameApplication      - Logging settings
Title: Culebrita
Version: 0.1
Width: 1400
Height: 700
Fullscreen: false
Intro: false
Profiling: false
Single step:false
App Mode: DEVELOPER
Menu Key: ESCAPE
Stage Style: DECORATED
Scene Factory: class com.almasb.fxgl.app.scene.SceneFactory

14:33:15.146 [JavaFX Application Thread] DEBUG FXGLApplication      - Initializing FXGL
14:33:15.147 [JavaFX Application Thread] INFO  Engine               - FXGL-11.13 (26.01.2021 09.01) on WINDOWS (J:21.0.3 FX:15)
14:33:15.148 [JavaFX Application Thread] DEBUG Engine               - JRE Vendor Name: Amazon.com Inc.
14:33:15.148 [JavaFX Application Thread] DEBUG Engine               - Running on OS: Windows 11 version 10.0
14:33:15.148 [JavaFX Application Thread] DEBUG Engine               - Architecture: amd64
14:33:15.148 [JavaFX Application Thread] INFO  Engine               - Source code and latest versions at: https://github.com/AlmasB/FXGL
14:33:15.148 [JavaFX Application Thread] INFO  Engine               -              Join the FXGL chat at: https://gitter.im/AlmasB/FXGL
14:33:15.224 [JavaFX Application Thread] DEBUG MainWindow           - Creating a JavaFX scene
14:33:15.260 [JavaFX Application Thread] DEBUG MainWindow           - Target settings size: 1400.0 x 700.0
14:33:15.260 [JavaFX Application Thread] DEBUG MainWindow           - Scaled scene size:    1400.0 x 700.0
14:33:15.260 [JavaFX Application Thread] DEBUG MainWindow           - Scaled ratio: (1.0, 1.0)
14:33:15.261 [JavaFX Application Thread] DEBUG MainWindow           - Set initial scene to FXGLStartupScene
14:33:15.266 [JavaFX Application Thread] DEBUG MainWindow           - Opening main window
14:33:15.326 [JavaFX Application Thread] DEBUG MainWindow           - Window border size: (14.4000244140625, 37.5999755859375)
14:33:15.326 [JavaFX Application Thread] DEBUG MainWindow           - Scaled size: 1400.0 x 700.0
14:33:15.326 [JavaFX Application Thread] DEBUG MainWindow           - Scaled ratio: (1.0, 1.0)
14:33:15.326 [JavaFX Application Thread] DEBUG MainWindow           - Scene size: 1400.0 x 700.0
14:33:15.326 [JavaFX Application Thread] DEBUG MainWindow           - Stage size: 1414.4000244140625 x 737.5999755859375
14:33:15.332 [FXGL Background Thread 1 ] DEBUG Engine               - Initializing environment variables
14:33:15.370 [FXGL Background Thread 1 ] DEBUG GameApplicationServi - Applying CSS: fxgl_dark.css
14:33:15.371 [FXGL Background Thread 1 ] DEBUG FXGLAssetLoaderServi - Loading from file system: /assets/ui/css/fxgl_dark.css
14:33:15.401 [FXGL Background Thread 1 ] DEBUG GameApplicationServi - Initializing application scenes
14:33:15.429 [FXGL Background Thread 1 ] DEBUG GameWorld            - Game world initialized
14:33:15.481 [FXGL Background Thread 1 ] DEBUG PhysicsWorld         - Physics world initialized: appHeight=700, physics.ppm=50,0
14:33:15.483 [FXGL Background Thread 1 ] DEBUG GameScene            - Game scene initialized: 1400x700
14:33:15.502 [FXGL Background Thread 1 ] DEBUG FXGLAssetLoaderServi - Loading from file system: /assets/textures/particles/trace_horizontal.png
14:33:15.535 [FXGL Background Thread 1 ] DEBUG FXGL.DefaultMenu     - createMenuBodyGameMenu()
14:33:15.547 [FXGL Background Thread 1 ] DEBUG FXGL.DefaultMenu     - createOptionsMenu()
14:33:15.550 [FXGL Background Thread 1 ] DEBUG FXGLAssetLoaderServi - Loading from file system: /assets/textures/particles/smoke.png
14:33:15.585 [FXGL Background Thread 1 ] DEBUG GameApplicationServi - Application scenes initialized
14:33:15.594 [FXGL Background Thread 1 ] DEBUG SystemBundleService  - Loading FXGL system data
14:33:15.597 [FXGL Background Thread 1 ] DEBUG FileSystemAccess     - Reading from: C:\Users\Jose\Documents\Universidad\demo\system\fxgl.bundle
14:33:15.607 [FXGL Background Thread 1 ] DEBUG SystemBundleService  - Bundle FXGL: {}
14:33:15.607 [FXGL Background Thread 1 ] DEBUG UpdaterService       - Checking for updates
14:33:15.611 [FXGL Background Thread 4 ] DEBUG FXGLApplication      - Loading fonts
14:33:15.611 [FXGL Background Thread 4 ] DEBUG FXGLAssetLoaderServi - Loading from file system: /assets/ui/fonts/VarelaRound-Regular.ttf
14:33:15.611 [FXGL Background Thread 1 ] DEBUG FXGLApplication      - Loading default localization
14:33:15.611 [FXGL Background Thread 1 ] DEBUG FXGLAssetLoaderServi - Loading from file system: /assets/languages/english.lang
14:33:15.635 [FXGL Background Thread 1 ] INFO  FXGLApplication      - FXGL initialization took: 0,303 sec
14:33:15.642 [JavaFX Application Thread] DEBUG Input                - Registered new binding: Mover hacia arriba - Up
14:33:15.642 [JavaFX Application Thread] DEBUG Input                - Registered new binding: Mover hacia abajo - Down
14:33:15.642 [JavaFX Application Thread] DEBUG Input                - Registered new binding: Mover hacia la izquierda - Left
14:33:15.642 [JavaFX Application Thread] DEBUG Input                - Registered new binding: Mover hacia la derecha - Right
14:33:15.642 [JavaFX Application Thread] DEBUG FXGLAssetLoaderServi - Loading from file system: /assets/textures/fxgl_icon.png
14:33:15.646 [FXGL Background Thread 4 ] DEBUG FXGLAssetLoaderServi - Loading from file system: /assets/ui/fonts/Abel-Regular.ttf
14:33:15.654 [JavaFX Application Thread] DEBUG FXGLAssetLoaderServi - Loading from file system: /assets/ui/cursors/fxgl_default.png
14:33:15.654 [FXGL Background Thread 4 ] DEBUG FXGLAssetLoaderServi - Loading from file system: /assets/ui/fonts/lucida_console.ttf
14:33:15.657 [JavaFX Application Thread] DEBUG Input                - Registered new binding: Screenshot - P
14:33:15.657 [JavaFX Application Thread] DEBUG Input                - Registered new binding: System info dump - CTRL+9
14:33:15.658 [JavaFX Application Thread] DEBUG Input                - Registered new binding: Restart - CTRL+R
14:33:15.658 [JavaFX Application Thread] DEBUG Input                - Registered new binding: Toggle Debug Camera - CTRL+C
14:33:15.660 [JavaFX Application Thread] DEBUG LoopRunner           - Starting loop
14:33:15.661 [JavaFX Application Thread] DEBUG LoopRunner           - Initializing JavaFX AnimationTimerLoop
14:33:15.662 [JavaFX Application Thread] DEBUG GameApplicationServi - Starting new game
14:33:15.663 [JavaFX Application Thread] DEBUG Input                - Clearing active input actions
14:33:15.667 [FXGL Background Thread 4 ] DEBUG FXGLAssetLoaderServi - Loading from file system: /assets/ui/fonts/Courier-Prime.ttf
14:33:15.673 [JavaFX Application Thread] DEBUG GameApplicationServi - Removing overlay from FXGLStartupScene and adding to FXGLLoadingScene
14:33:15.674 [JavaFX Application Thread] DEBUG MainWindow           - FXGLStartupScene -> FXGLLoadingScene
14:33:15.674 [JavaFX Application Thread] DEBUG GameApplicationServi - Clearing previous game
14:33:15.674 [JavaFX Application Thread] DEBUG GameScene            - Clearing game scene
14:33:15.674 [JavaFX Application Thread] DEBUG GameWorld            - Clearing game world
14:33:15.674 [JavaFX Application Thread] DEBUG PhysicsWorld         - Clearing physics world
14:33:15.675 [FXGL Background Thread 1 ] DEBUG FXGLApplication      - Initializing game
14:33:15.677 [FXGL Background Thread 1 ] DEBUG FXGLAssetLoaderServi - Loading from file system: /assets/music/gato.mp3
14:33:15.677 [FXGL Background Thread 1 ] WARN  FXGLAssetLoaderServi - Failed to load music gato.mp3 Error: java.lang.IllegalArgumentException: Asset "/assets/music/gato.mp3" was not found!
14:33:15.679 [FXGL Background Thread 1 ] DEBUG AudioPlayer          - Playing music com.almasb.fxgl.audio.Music@6942ea96
14:33:15.681 [FXGL Background Thread 1 ] DEBUG FXGLAssetLoaderServi - Loading from file system: /assets/textures/neko.png
14:33:15.704 [FXGL Background Thread 1 ] INFO  FXGLApplication      - Game initialization took: 0,029 sec
14:33:15.705 [JavaFX Application Thread] DEBUG FXGLApplication      - Registering font factories with UI factory
14:33:15.707 [JavaFX Application Thread] DEBUG Input                - Clearing active input actions
14:33:15.713 [JavaFX Application Thread] DEBUG GameApplicationServi - Removing overlay from FXGLLoadingScene and adding to GameScene
14:33:15.714 [JavaFX Application Thread] DEBUG MainWindow           - FXGLLoadingScene -> GameScene
14:33:16.163 [FXGL Background Thread 2 ] INFO  UpdaterService       - Your current version:  11.13
14:33:16.163 [FXGL Background Thread 2 ] INFO  UpdaterService       - Latest stable version: 21.1
14:33:18.612 [FXGL Background Thread 3 ] DEBUG Engine               - Logging environment variables
14:33:18.612 [FXGL Background Thread 3 ] DEBUG Engine               - achievements: []
14:33:18.612 [FXGL Background Thread 3 ] DEBUG Engine               - actualHeight: 700.0
14:33:18.612 [FXGL Background Thread 3 ] DEBUG Engine               - actualHeightProperty: ReadOnlyDoubleProperty [value: 700.0]
14:33:18.612 [FXGL Background Thread 3 ] DEBUG Engine               - actualWidth: 1400.0
14:33:18.612 [FXGL Background Thread 3 ] DEBUG Engine               - actualWidthProperty: ReadOnlyDoubleProperty [value: 1400.0]
14:33:18.613 [FXGL Background Thread 3 ] DEBUG Engine               - appIcon: fxgl_icon.png
14:33:18.613 [FXGL Background Thread 3 ] DEBUG Engine               - applicationMode: DEVELOPER
14:33:18.613 [FXGL Background Thread 3 ] DEBUG Engine               - cSSList: [fxgl_dark.css]
14:33:18.613 [FXGL Background Thread 3 ] DEBUG Engine               - configClass: Optional.empty
14:33:18.613 [FXGL Background Thread 3 ] DEBUG Engine               - credits: []
14:33:18.613 [FXGL Background Thread 3 ] DEBUG Engine               - devBBoxColorProperty: ObjectProperty [value: 0xff0000ff]
14:33:18.613 [FXGL Background Thread 3 ] DEBUG Engine               - devEnableDebugCameraProperty: BooleanProperty [value: false]
14:33:18.613 [FXGL Background Thread 3 ] DEBUG Engine               - devSensorColorProperty: ObjectProperty [value: 0xffff00ff]
14:33:18.613 [FXGL Background Thread 3 ] DEBUG Engine               - devShowBBoxProperty: BooleanProperty [value: false]
14:33:18.613 [FXGL Background Thread 3 ] DEBUG Engine               - devShowPositionProperty: BooleanProperty [value: false]
14:33:18.613 [FXGL Background Thread 3 ] DEBUG Engine               - enabledMenuItems: []
14:33:18.613 [FXGL Background Thread 3 ] DEBUG Engine               - engineServices: [class com.almasb.fxgl.app.FXGLApplication$GameApplicationService, class com.almasb.fxgl.app.services.FXGLDialogService, class com.almasb.fxgl.app.services.IOTaskExecutorService, class com.almasb.fxgl.event.EventBusService, class com.almasb.fxgl.io.FileSystemService, class com.almasb.fxgl.localization.LocalizationService, class com.almasb.fxgl.app.services.FXGLAssetLoaderService, class com.almasb.fxgl.app.services.SystemBundleService, class com.almasb.fxgl.profile.SaveLoadService, class com.almasb.fxgl.ui.FXGLUIFactoryServiceProvider, class com.almasb.fxgl.ui.FXGLDialogFactoryServiceProvider, class com.almasb.fxgl.audio.AudioPlayer, class com.almasb.fxgl.notification.impl.NotificationServiceProvider, class com.almasb.fxgl.achievement.AchievementService, class com.almasb.fxgl.cutscene.CutsceneService, class com.almasb.fxgl.minigames.MiniGameService, class com.almasb.fxgl.net.NetService, class com.almasb.fxgl.app.services.UpdaterService, class com.almasb.fxgl.dev.DevService]
14:33:18.613 [FXGL Background Thread 3 ] DEBUG Engine               - fontGame: Abel-Regular.ttf
14:33:18.613 [FXGL Background Thread 3 ] DEBUG Engine               - fontMono: lucida_console.ttf
14:33:18.613 [FXGL Background Thread 3 ] DEBUG Engine               - fontText: Courier-Prime.ttf
14:33:18.613 [FXGL Background Thread 3 ] DEBUG Engine               - fontUI: VarelaRound-Regular.ttf
14:33:18.613 [FXGL Background Thread 3 ] DEBUG Engine               - fullScreen: BooleanProperty [value: false]
14:33:18.613 [FXGL Background Thread 3 ] DEBUG Engine               - gameDifficulty: MEDIUM
14:33:18.614 [FXGL Background Thread 3 ] DEBUG Engine               - gameDifficultyProperty: ObjectProperty [value: MEDIUM]
14:33:18.614 [FXGL Background Thread 3 ] DEBUG Engine               - globalMusicVolume: 0.5
14:33:18.614 [FXGL Background Thread 3 ] DEBUG Engine               - globalMusicVolumeProperty: DoubleProperty [value: 0.5]
14:33:18.614 [FXGL Background Thread 3 ] DEBUG Engine               - globalSoundVolume: 0.5
14:33:18.614 [FXGL Background Thread 3 ] DEBUG Engine               - globalSoundVolumeProperty: DoubleProperty [value: 0.5]
14:33:18.614 [FXGL Background Thread 3 ] DEBUG Engine               - height: 700
14:33:18.614 [FXGL Background Thread 3 ] DEBUG Engine               - isAndroid: false
14:33:18.614 [FXGL Background Thread 3 ] DEBUG Engine               - isBrowser: false
14:33:18.614 [FXGL Background Thread 3 ] DEBUG Engine               - isClickFeedbackEnabled: false
14:33:18.614 [FXGL Background Thread 3 ] DEBUG Engine               - isCloseConfirmation: false
14:33:18.614 [FXGL Background Thread 3 ] DEBUG Engine               - isDesktop: true
14:33:18.614 [FXGL Background Thread 3 ] DEBUG Engine               - isDeveloperMenuEnabled: false
14:33:18.614 [FXGL Background Thread 3 ] DEBUG Engine               - isEntityPreloadEnabled: true
14:33:18.614 [FXGL Background Thread 3 ] DEBUG Engine               - isExperimental3D: false
14:33:18.614 [FXGL Background Thread 3 ] DEBUG Engine               - isExperimentalNative: false
14:33:18.614 [FXGL Background Thread 3 ] DEBUG Engine               - isExperimentalTiledLargeMap: false
14:33:18.614 [FXGL Background Thread 3 ] DEBUG Engine               - isFileSystemWriteAllowed: true
14:33:18.614 [FXGL Background Thread 3 ] DEBUG Engine               - isFullScreenAllowed: false
14:33:18.614 [FXGL Background Thread 3 ] DEBUG Engine               - isFullScreenFromStart: false
14:33:18.614 [FXGL Background Thread 3 ] DEBUG Engine               - isGameMenuEnabled: true
14:33:18.614 [FXGL Background Thread 3 ] DEBUG Engine               - isIOS: false
14:33:18.615 [FXGL Background Thread 3 ] DEBUG Engine               - isIntroEnabled: false
14:33:18.615 [FXGL Background Thread 3 ] DEBUG Engine               - isLinux: false
14:33:18.615 [FXGL Background Thread 3 ] DEBUG Engine               - isMac: false
14:33:18.615 [FXGL Background Thread 3 ] DEBUG Engine               - isMainMenuEnabled: false
14:33:18.615 [FXGL Background Thread 3 ] DEBUG Engine               - isManualResizeEnabled: false
14:33:18.615 [FXGL Background Thread 3 ] DEBUG Engine               - isMobile: false
14:33:18.615 [FXGL Background Thread 3 ] DEBUG Engine               - isPreserveResizeRatio: false
14:33:18.615 [FXGL Background Thread 3 ] DEBUG Engine               - isProfilingEnabled: false
14:33:18.615 [FXGL Background Thread 3 ] DEBUG Engine               - isScaleAffectedOnResize: true
14:33:18.615 [FXGL Background Thread 3 ] DEBUG Engine               - isSingleStep: false
14:33:18.616 [FXGL Background Thread 3 ] DEBUG Engine               - isUserProfileEnabled: false
14:33:18.616 [FXGL Background Thread 3 ] DEBUG Engine               - isWindows: true
14:33:18.616 [FXGL Background Thread 3 ] DEBUG Engine               - language: ObjectProperty [value: ENGLISH]
14:33:18.616 [FXGL Background Thread 3 ] DEBUG Engine               - menuKey: ESCAPE
14:33:18.616 [FXGL Background Thread 3 ] DEBUG Engine               - notificationViewClass: class com.almasb.fxgl.notification.view.XboxNotificationView
14:33:18.616 [FXGL Background Thread 3 ] DEBUG Engine               - pixelsPerMeter: 50.0
14:33:18.616 [FXGL Background Thread 3 ] DEBUG Engine               - platform: WINDOWS
14:33:18.616 [FXGL Background Thread 3 ] DEBUG Engine               - prefHeightProperty: ReadOnlyDoubleProperty [value: 700.0]
14:33:18.616 [FXGL Background Thread 3 ] DEBUG Engine               - prefWidthProperty: ReadOnlyDoubleProperty [value: 1400.0]
14:33:18.616 [FXGL Background Thread 3 ] DEBUG Engine               - profileDir: profiles/
14:33:18.616 [FXGL Background Thread 3 ] DEBUG Engine               - profileName: StringProperty [value: DEFAULT]
14:33:18.616 [FXGL Background Thread 3 ] DEBUG Engine               - randomSeed: -1
14:33:18.616 [FXGL Background Thread 3 ] DEBUG Engine               - runtimeInfo: RuntimeInfo(platform=WINDOWS, version=11.13, build=26.01.2021 09.01)
14:33:18.616 [FXGL Background Thread 3 ] DEBUG Engine               - saveFileExt: sav
14:33:18.616 [FXGL Background Thread 3 ] DEBUG Engine               - scaledHeightProp$fxgl: DoubleProperty [bound, value: 700.0]
14:33:18.616 [FXGL Background Thread 3 ] DEBUG Engine               - scaledWidthProp$fxgl: DoubleProperty [bound, value: 1400.0]
14:33:18.616 [FXGL Background Thread 3 ] DEBUG Engine               - sceneFactory: com.almasb.fxgl.app.scene.SceneFactory@140f7aed
14:33:18.616 [FXGL Background Thread 3 ] DEBUG Engine               - secondsIn24h: 60
14:33:18.616 [FXGL Background Thread 3 ] DEBUG Engine               - soundMenuBack: menu/back.wav
14:33:18.616 [FXGL Background Thread 3 ] DEBUG Engine               - soundMenuPress: menu/press.wav
14:33:18.616 [FXGL Background Thread 3 ] DEBUG Engine               - soundMenuSelect: menu/select.wav
14:33:18.617 [FXGL Background Thread 3 ] DEBUG Engine               - soundNotification: core/notification.wav
14:33:18.617 [FXGL Background Thread 3 ] DEBUG Engine               - stageStyle: DECORATED
14:33:18.617 [FXGL Background Thread 3 ] DEBUG Engine               - supportedLanguages: [ENGLISH, FRENCH, GERMAN, HUNGARIAN, RUSSIAN]
14:33:18.617 [FXGL Background Thread 3 ] DEBUG Engine               - ticksPerSecond: -1
14:33:18.617 [FXGL Background Thread 3 ] DEBUG Engine               - title: Culebrita
14:33:18.617 [FXGL Background Thread 3 ] DEBUG Engine               - urlGithub: https://github.com/AlmasB/FXGL
14:33:18.617 [FXGL Background Thread 3 ] DEBUG Engine               - urlLeaderboard: http://fxgl-top.herokuapp.com/
14:33:18.617 [FXGL Background Thread 3 ] DEBUG Engine               - urlPOM: https://raw.githubusercontent.com/AlmasB/FXGL/master/README.md
14:33:18.617 [FXGL Background Thread 3 ] DEBUG Engine               - version: 0.1
14:33:18.617 [FXGL Background Thread 3 ] DEBUG Engine               - versionCheckDays: 7
14:33:18.617 [FXGL Background Thread 3 ] DEBUG Engine               - width: 1400
14:33:18.617 [FXGL Background Thread 3 ] DEBUG Engine               - Logging services
14:33:18.617 [FXGL Background Thread 3 ] DEBUG Engine               - class com.almasb.fxgl.app.FXGLApplication$GameApplicationService
14:33:18.617 [FXGL Background Thread 3 ] DEBUG Engine               - class com.almasb.fxgl.app.services.FXGLDialogService
14:33:18.617 [FXGL Background Thread 3 ] DEBUG Engine               - class com.almasb.fxgl.app.services.IOTaskExecutorService
14:33:18.617 [FXGL Background Thread 3 ] DEBUG Engine               - class com.almasb.fxgl.event.EventBusService
14:33:18.617 [FXGL Background Thread 3 ] DEBUG Engine               - class com.almasb.fxgl.io.FileSystemService
14:33:18.617 [FXGL Background Thread 3 ] DEBUG Engine               - class com.almasb.fxgl.localization.LocalizationService
14:33:18.617 [FXGL Background Thread 3 ] DEBUG Engine               - class com.almasb.fxgl.app.services.FXGLAssetLoaderService
14:33:18.617 [FXGL Background Thread 3 ] DEBUG Engine               - class com.almasb.fxgl.app.services.SystemBundleService
14:33:18.617 [FXGL Background Thread 3 ] DEBUG Engine               - class com.almasb.fxgl.profile.SaveLoadService
14:33:18.617 [FXGL Background Thread 3 ] DEBUG Engine               - class com.almasb.fxgl.ui.FXGLUIFactoryServiceProvider
14:33:18.617 [FXGL Background Thread 3 ] DEBUG Engine               - class com.almasb.fxgl.ui.FXGLDialogFactoryServiceProvider
14:33:18.617 [FXGL Background Thread 3 ] DEBUG Engine               - class com.almasb.fxgl.audio.AudioPlayer
14:33:18.617 [FXGL Background Thread 3 ] DEBUG Engine               - class com.almasb.fxgl.notification.impl.NotificationServiceProvider
14:33:18.617 [FXGL Background Thread 3 ] DEBUG Engine               - class com.almasb.fxgl.achievement.AchievementService
14:33:18.617 [FXGL Background Thread 3 ] DEBUG Engine               - class com.almasb.fxgl.cutscene.CutsceneService
14:33:18.617 [FXGL Background Thread 3 ] DEBUG Engine               - class com.almasb.fxgl.minigames.MiniGameService
14:33:18.617 [FXGL Background Thread 3 ] DEBUG Engine               - class com.almasb.fxgl.net.NetService
14:33:18.617 [FXGL Background Thread 3 ] DEBUG Engine               - class com.almasb.fxgl.app.services.UpdaterService
14:33:18.617 [FXGL Background Thread 3 ] DEBUG Engine               - class com.almasb.fxgl.dev.DevService
14:33:46.329 [JavaFX Application Thread] DEBUG FXGLApplication      - Exiting FXGL
14:33:46.329 [JavaFX Application Thread] DEBUG LoopRunner           - Stopping loop
14:33:46.329 [JavaFX Application Thread] DEBUG SystemBundleService  - Saving FXGL system data
14:33:46.331 [JavaFX Application Thread] DEBUG FileSystemAccess     - Writing to: C:\Users\Jose\Documents\Universidad\demo\system\fxgl.bundle
14:33:46.333 [JavaFX Application Thread] DEBUG Async                - Shutting down background threads
14:33:46.333 [JavaFX Application Thread] DEBUG MainWindow           - Closing main window
14:33:46.343 [JavaFX Application Thread] DEBUG Logger               - Closing Logger
