13:21:06.623 [main                     ] DEBUG Logger               - Configured Logger
13:21:06.642 [main                     ] DEBUG GameApplication      - Logging settings
Title: Culebrita
Version: 0.1
Width: 1400
Height: 700
Fullscreen: false
Intro: false
Profiling: false
Single step:false
App Mode: DEVELOPER
Menu Key: ESCAPE
Stage Style: DECORATED
Scene Factory: class com.almasb.fxgl.app.scene.SceneFactory

13:21:06.927 [JavaFX Application Thread] DEBUG FXGLApplication      - Initializing FXGL
13:21:06.930 [JavaFX Application Thread] INFO  Engine               - FXGL-17.3 (30.03.2023 11.49) on WINDOWS (J:21.0.3 FX:21)
13:21:06.930 [JavaFX Application Thread] DEBUG Engine               - JRE Vendor Name: Amazon.com Inc.
13:21:06.931 [JavaFX Application Thread] DEBUG Engine               - Running on OS: Windows 11 version 10.0
13:21:06.931 [JavaFX Application Thread] DEBUG Engine               - Architecture: amd64
13:21:06.931 [JavaFX Application Thread] INFO  Engine               - Source code and latest versions at: https://github.com/AlmasB/FXGL
13:21:06.931 [JavaFX Application Thread] INFO  Engine               -       Ask questions and discuss at: https://github.com/AlmasB/FXGL/discussions
13:21:06.931 [JavaFX Application Thread] INFO  Engine               -              Join the FXGL chat at: https://gitter.im/AlmasB/FXGL
13:21:06.988 [JavaFX Application Thread] DEBUG PrimaryStageWindow   - Creating a JavaFX scene
13:21:07.024 [JavaFX Application Thread] DEBUG PrimaryStageWindow   - Target settings size: 1400.0 x 700.0
13:21:07.024 [JavaFX Application Thread] DEBUG PrimaryStageWindow   - Scaled scene size:    1400.0 x 700.0
13:21:07.025 [JavaFX Application Thread] DEBUG PrimaryStageWindow   - Scaled ratio: (1.0, 1.0)
13:21:07.026 [JavaFX Application Thread] DEBUG PrimaryStageWindow   - Set initial scene to FXGLStartupScene
13:21:07.028 [JavaFX Application Thread] DEBUG PrimaryStageWindow   - Opening main window
13:21:07.085 [JavaFX Application Thread] DEBUG PrimaryStageWindow   - Window border size: (14.4000244140625, 37.5999755859375)
13:21:07.085 [JavaFX Application Thread] DEBUG PrimaryStageWindow   - Scaled size: 1400.0 x 700.0
13:21:07.086 [JavaFX Application Thread] DEBUG PrimaryStageWindow   - Scaled ratio: (1.0, 1.0)
13:21:07.086 [JavaFX Application Thread] DEBUG PrimaryStageWindow   - Scene size: 1400.0 x 700.0
13:21:07.086 [JavaFX Application Thread] DEBUG PrimaryStageWindow   - Stage size: 1414.4000244140625 x 737.5999755859375
13:21:07.091 [FXGL Background Thread 1 ] DEBUG Engine               - Initializing environment variables
13:21:07.131 [FXGL Background Thread 1 ] DEBUG FXGLAssetLoaderServi - User app class for loading assets: class appRunner.CulebritaApplication
13:21:07.132 [FXGL Background Thread 1 ] DEBUG GameApplicationServi - Applying CSS: fxgl_dark.css
13:21:07.132 [FXGL Background Thread 1 ] DEBUG FXGLAssetLoaderServi - Loading from file system: jar:file:///C:/Users/Jose/.m2/repository/com/github/almasb/fxgl/17.3/fxgl-17.3.jar!/fxglassets/ui/css/fxgl_dark.css
13:21:07.166 [FXGL Background Thread 1 ] DEBUG GameApplicationServi - Initializing application scenes
13:21:07.188 [FXGL Background Thread 1 ] DEBUG GameWorld            - Game world initialized
13:21:07.236 [FXGL Background Thread 1 ] DEBUG PhysicsWorld         - Physics world initialized: appHeight=700, physics.ppm=50,0
13:21:07.236 [FXGL Background Thread 1 ] DEBUG PhysicsWorld         - Using strategy: BRUTE_FORCE
13:21:07.239 [FXGL Background Thread 1 ] DEBUG GameScene            - Game scene initialized: 1400x700
13:21:07.246 [FXGL Background Thread 1 ] DEBUG FXGL.DefaultMenu     - createMenuBodyGameMenu()
13:21:07.253 [FXGL Background Thread 1 ] DEBUG FXGL.DefaultMenu     - createOptionsMenu()
13:21:07.258 [FXGL Background Thread 1 ] DEBUG FXGLAssetLoaderServi - Loading from file system: jar:file:///C:/Users/Jose/.m2/repository/com/github/almasb/fxgl/17.3/fxgl-17.3.jar!/fxglassets/textures/particles/smoke.png
13:21:07.323 [FXGL Background Thread 1 ] DEBUG FXGLAssetLoaderServi - Loading from file system: jar:file:///C:/Users/Jose/.m2/repository/com/github/almasb/fxgl/17.3/fxgl-17.3.jar!/fxglassets/textures/particles/trace_horizontal.png
13:21:07.342 [FXGL Background Thread 1 ] DEBUG GameApplicationServi - Application scenes initialized
13:21:07.349 [FXGL Background Thread 1 ] DEBUG SystemBundleService  - Loading FXGL system data
13:21:07.353 [FXGL Background Thread 1 ] DEBUG FileSystemAccess     - Reading from: C:\Users\Jose\Documents\Universidad\demo\system\fxgl.bundle
13:21:07.359 [FXGL Background Thread 1 ] DEBUG SystemBundleService  - Bundle FXGL: {}
13:21:07.360 [FXGL Background Thread 1 ] DEBUG UpdaterService       - Checking for updates
13:21:07.363 [FXGL Background Thread 4 ] DEBUG FXGLApplication      - Loading fonts
13:21:07.363 [FXGL Background Thread 1 ] DEBUG FXGLApplication      - Loading default localization
13:21:07.363 [FXGL Background Thread 4 ] DEBUG FXGLAssetLoaderServi - Loading from file system: jar:file:///C:/Users/Jose/.m2/repository/com/github/almasb/fxgl/17.3/fxgl-17.3.jar!/fxglassets/ui/fonts/VarelaRound-Regular.ttf
13:21:07.363 [FXGL Background Thread 1 ] DEBUG FXGLAssetLoaderServi - Loading from file system: jar:file:///C:/Users/Jose/.m2/repository/com/github/almasb/fxgl/17.3/fxgl-17.3.jar!/fxglassets/languages/english.lang
13:21:07.388 [FXGL Background Thread 1 ] INFO  FXGLApplication      - FXGL initialization took: 0,296 sec
13:21:07.396 [JavaFX Application Thread] DEBUG Input                - Registered new binding: Mover hacia arriba - Up
13:21:07.396 [JavaFX Application Thread] DEBUG Input                - Registered new binding: Mover hacia abajo - Down
13:21:07.396 [JavaFX Application Thread] DEBUG Input                - Registered new binding: Mover hacia la izquierda - Left
13:21:07.396 [JavaFX Application Thread] DEBUG Input                - Registered new binding: Mover hacia la derecha - Right
13:21:07.397 [JavaFX Application Thread] DEBUG FXGLAssetLoaderServi - Loading from file system: jar:file:///C:/Users/Jose/.m2/repository/com/github/almasb/fxgl/17.3/fxgl-17.3.jar!/fxglassets/textures/fxgl_icon.png
13:21:07.397 [FXGL Background Thread 4 ] DEBUG FXGLAssetLoaderServi - Loading from file system: jar:file:///C:/Users/Jose/.m2/repository/com/github/almasb/fxgl/17.3/fxgl-17.3.jar!/fxglassets/ui/fonts/Abel-Regular.ttf
13:21:07.411 [JavaFX Application Thread] DEBUG FXGLAssetLoaderServi - Loading from file system: jar:file:///C:/Users/Jose/.m2/repository/com/github/almasb/fxgl/17.3/fxgl-17.3.jar!/fxglassets/textures/fxgl_default_cursor.png
13:21:07.414 [JavaFX Application Thread] DEBUG Input                - Registered new binding: Screenshot - CTRL+8
13:21:07.414 [JavaFX Application Thread] DEBUG Input                - Registered new binding: System info dump - CTRL+9
13:21:07.414 [JavaFX Application Thread] DEBUG Input                - Registered new binding: Restart - CTRL+R
13:21:07.415 [JavaFX Application Thread] DEBUG Input                - Registered new binding: Toggle Debug Camera - CTRL+7
13:21:07.415 [FXGL Background Thread 4 ] DEBUG FXGLAssetLoaderServi - Loading from file system: jar:file:///C:/Users/Jose/.m2/repository/com/github/almasb/fxgl/17.3/fxgl-17.3.jar!/fxglassets/ui/fonts/TerminalLandMono-Regular.otf
13:21:07.417 [JavaFX Application Thread] DEBUG LoopRunner           - Starting loop
13:21:07.417 [JavaFX Application Thread] DEBUG LoopRunner           - Initializing JavaFX AnimationTimerLoop
13:21:07.418 [JavaFX Application Thread] DEBUG GameApplicationServi - Starting new game
13:21:07.418 [JavaFX Application Thread] DEBUG Input                - Clearing active input actions
13:21:07.425 [FXGL Background Thread 4 ] DEBUG FXGLAssetLoaderServi - Loading from file system: jar:file:///C:/Users/Jose/.m2/repository/com/github/almasb/fxgl/17.3/fxgl-17.3.jar!/fxglassets/ui/fonts/Courier-Prime.ttf
13:21:07.429 [JavaFX Application Thread] DEBUG GameApplicationServi - Removing overlay from FXGLStartupScene and adding to FXGLLoadingScene
13:21:07.430 [JavaFX Application Thread] DEBUG PrimaryStageWindow   - FXGLStartupScene -> FXGLLoadingScene
13:21:07.430 [JavaFX Application Thread] DEBUG GameApplicationServi - Clearing previous game
13:21:07.430 [JavaFX Application Thread] DEBUG GameScene            - Clearing game scene
13:21:07.430 [JavaFX Application Thread] DEBUG GameWorld            - Clearing game world
13:21:07.430 [JavaFX Application Thread] DEBUG PhysicsWorld         - Clearing physics world
13:21:07.432 [FXGL Background Thread 1 ] DEBUG FXGLApplication      - Initializing game
13:21:07.438 [FXGL Background Thread 1 ] WARN  FXGLAssetLoaderServi - Asset "/assets/textures//resources/skins/skin.png" was not found!
13:21:07.438 [FXGL Background Thread 1 ] WARN  FXGLAssetLoaderServi - Failed to load RESIZABLE_IMAGE
13:21:07.467 [JavaFX Application Thread] DEBUG FXGLApplication      - Registering font factories with UI factory
13:21:07.532 [FXGL Background Thread 1 ] INFO  FXGLApplication      - Game initialization took: 0,100 sec
13:21:07.539 [JavaFX Application Thread] DEBUG Input                - Clearing active input actions
13:21:07.545 [JavaFX Application Thread] DEBUG GameApplicationServi - Removing overlay from FXGLLoadingScene and adding to GameScene
13:21:07.545 [JavaFX Application Thread] DEBUG PrimaryStageWindow   - FXGLLoadingScene -> GameScene
13:21:07.862 [FXGL Background Thread 2 ] INFO  UpdaterService       - Your current version:  17.3
13:21:07.862 [FXGL Background Thread 2 ] INFO  UpdaterService       - Latest stable version: 21.1
13:21:08.814 [JavaFX Application Thread] DEBUG FXGLApplication      - Exiting FXGL
13:21:08.814 [JavaFX Application Thread] DEBUG LoopRunner           - Stopping loop
13:21:08.814 [JavaFX Application Thread] DEBUG SystemBundleService  - Saving FXGL system data
13:21:08.816 [JavaFX Application Thread] DEBUG FileSystemAccess     - Writing to: C:\Users\Jose\Documents\Universidad\demo\system\fxgl.bundle
13:21:08.818 [JavaFX Application Thread] DEBUG Async                - Shutting down background threads
13:21:08.818 [JavaFX Application Thread] DEBUG PrimaryStageWindow   - Closing main window
13:21:08.829 [JavaFX Application Thread] DEBUG Logger               - Closing Logger
