16:41:37.203 [main                     ] DEBUG Logger               - Configured Logger
16:41:37.204 [main                     ] DEBUG GameApplication      - Logging settings
Title: Culebrita
Version: 0.1
Width: 1400
Height: 700
Fullscreen: false
Intro: false
Profiling: false
Single step:false
App Mode: DEVELOPER
Menu Key: ESCAPE
Stage Style: DECORATED
Scene Factory: class com.almasb.fxgl.app.scene.SceneFactory

16:41:37.552 [JavaFX Application Thread] DEBUG FXGLApplication      - Initializing FXGL
16:41:37.554 [JavaFX Application Thread] INFO  Engine               - FXGL-11.13 (26.01.2021 09.01) on WINDOWS (J:21.0.3 FX:15)
16:41:37.554 [JavaFX Application Thread] DEBUG Engine               - JRE Vendor Name: Amazon.com Inc.
16:41:37.555 [JavaFX Application Thread] DEBUG Engine               - Running on OS: Windows 11 version 10.0
16:41:37.555 [JavaFX Application Thread] DEBUG Engine               - Architecture: amd64
16:41:37.555 [JavaFX Application Thread] INFO  Engine               - Source code and latest versions at: https://github.com/AlmasB/FXGL
16:41:37.555 [JavaFX Application Thread] INFO  Engine               -              Join the FXGL chat at: https://gitter.im/AlmasB/FXGL
16:41:37.649 [JavaFX Application Thread] DEBUG MainWindow           - Creating a JavaFX scene
16:41:37.693 [JavaFX Application Thread] DEBUG MainWindow           - Target settings size: 1400.0 x 700.0
16:41:37.693 [JavaFX Application Thread] DEBUG MainWindow           - Scaled scene size:    1400.0 x 700.0
16:41:37.693 [JavaFX Application Thread] DEBUG MainWindow           - Scaled ratio: (1.0, 1.0)
16:41:37.694 [JavaFX Application Thread] DEBUG MainWindow           - Set initial scene to FXGLStartupScene
16:41:37.699 [JavaFX Application Thread] DEBUG MainWindow           - Opening main window
16:41:37.763 [JavaFX Application Thread] DEBUG MainWindow           - Window border size: (14.4000244140625, 37.5999755859375)
16:41:37.763 [JavaFX Application Thread] DEBUG MainWindow           - Scaled size: 1400.0 x 700.0
16:41:37.763 [JavaFX Application Thread] DEBUG MainWindow           - Scaled ratio: (1.0, 1.0)
16:41:37.763 [JavaFX Application Thread] DEBUG MainWindow           - Scene size: 1400.0 x 700.0
16:41:37.763 [JavaFX Application Thread] DEBUG MainWindow           - Stage size: 1414.4000244140625 x 737.5999755859375
16:41:37.769 [FXGL Background Thread 1 ] DEBUG Engine               - Initializing environment variables
16:41:37.812 [FXGL Background Thread 1 ] DEBUG GameApplicationServi - Applying CSS: fxgl_dark.css
16:41:37.813 [FXGL Background Thread 1 ] DEBUG FXGLAssetLoaderServi - Loading from file system: /assets/ui/css/fxgl_dark.css
16:41:37.852 [FXGL Background Thread 1 ] DEBUG GameApplicationServi - Initializing application scenes
16:41:37.884 [FXGL Background Thread 1 ] DEBUG GameWorld            - Game world initialized
16:41:37.938 [FXGL Background Thread 1 ] DEBUG PhysicsWorld         - Physics world initialized: appHeight=700, physics.ppm=50,0
16:41:37.940 [FXGL Background Thread 1 ] DEBUG GameScene            - Game scene initialized: 1400x700
16:41:37.963 [FXGL Background Thread 1 ] DEBUG FXGLAssetLoaderServi - Loading from file system: /assets/textures/particles/trace_horizontal.png
16:41:37.997 [FXGL Background Thread 1 ] DEBUG FXGL.DefaultMenu     - createMenuBodyGameMenu()
16:41:38.009 [FXGL Background Thread 1 ] DEBUG FXGL.DefaultMenu     - createOptionsMenu()
16:41:38.013 [FXGL Background Thread 1 ] DEBUG FXGLAssetLoaderServi - Loading from file system: /assets/textures/particles/smoke.png
16:41:38.053 [FXGL Background Thread 1 ] DEBUG GameApplicationServi - Application scenes initialized
16:41:38.064 [FXGL Background Thread 1 ] DEBUG SystemBundleService  - Loading FXGL system data
16:41:38.068 [FXGL Background Thread 1 ] DEBUG FileSystemAccess     - Reading from: C:\Users\Jose\Documents\Universidad\demo\system\fxgl.bundle
16:41:38.077 [FXGL Background Thread 1 ] DEBUG SystemBundleService  - Bundle FXGL: {}
16:41:38.077 [FXGL Background Thread 1 ] DEBUG UpdaterService       - Checking for updates
16:41:38.081 [FXGL Background Thread 4 ] DEBUG FXGLApplication      - Loading fonts
16:41:38.081 [FXGL Background Thread 4 ] DEBUG FXGLAssetLoaderServi - Loading from file system: /assets/ui/fonts/VarelaRound-Regular.ttf
16:41:38.081 [FXGL Background Thread 1 ] DEBUG FXGLApplication      - Loading default localization
16:41:38.081 [FXGL Background Thread 1 ] DEBUG FXGLAssetLoaderServi - Loading from file system: /assets/languages/english.lang
16:41:38.098 [FXGL Background Thread 1 ] INFO  FXGLApplication      - FXGL initialization took: 0,329 sec
16:41:38.104 [JavaFX Application Thread] DEBUG Input                - Registered new binding: Mover hacia arriba - Up
16:41:38.104 [JavaFX Application Thread] DEBUG Input                - Registered new binding: Mover hacia abajo - Down
16:41:38.104 [JavaFX Application Thread] DEBUG Input                - Registered new binding: Mover hacia la izquierda - Left
16:41:38.104 [JavaFX Application Thread] DEBUG Input                - Registered new binding: Mover hacia la derecha - Right
16:41:38.105 [JavaFX Application Thread] DEBUG FXGLAssetLoaderServi - Loading from file system: /assets/textures/fxgl_icon.png
16:41:38.119 [JavaFX Application Thread] DEBUG FXGLAssetLoaderServi - Loading from file system: /assets/ui/cursors/fxgl_default.png
16:41:38.120 [FXGL Background Thread 4 ] DEBUG FXGLAssetLoaderServi - Loading from file system: /assets/ui/fonts/Abel-Regular.ttf
16:41:38.121 [JavaFX Application Thread] DEBUG Input                - Registered new binding: Screenshot - P
16:41:38.122 [JavaFX Application Thread] DEBUG Input                - Registered new binding: System info dump - CTRL+9
16:41:38.122 [JavaFX Application Thread] DEBUG Input                - Registered new binding: Restart - CTRL+R
16:41:38.122 [JavaFX Application Thread] DEBUG Input                - Registered new binding: Toggle Debug Camera - CTRL+C
16:41:38.124 [JavaFX Application Thread] DEBUG LoopRunner           - Starting loop
16:41:38.124 [JavaFX Application Thread] DEBUG LoopRunner           - Initializing JavaFX AnimationTimerLoop
16:41:38.125 [JavaFX Application Thread] DEBUG GameApplicationServi - Starting new game
16:41:38.126 [JavaFX Application Thread] DEBUG Input                - Clearing active input actions
16:41:38.127 [FXGL Background Thread 4 ] DEBUG FXGLAssetLoaderServi - Loading from file system: /assets/ui/fonts/lucida_console.ttf
16:41:38.134 [JavaFX Application Thread] DEBUG GameApplicationServi - Removing overlay from FXGLStartupScene and adding to FXGLLoadingScene
16:41:38.134 [JavaFX Application Thread] DEBUG MainWindow           - FXGLStartupScene -> FXGLLoadingScene
16:41:38.135 [JavaFX Application Thread] DEBUG GameApplicationServi - Clearing previous game
16:41:38.135 [JavaFX Application Thread] DEBUG GameScene            - Clearing game scene
16:41:38.135 [JavaFX Application Thread] DEBUG GameWorld            - Clearing game world
16:41:38.135 [JavaFX Application Thread] DEBUG PhysicsWorld         - Clearing physics world
16:41:38.137 [FXGL Background Thread 1 ] DEBUG FXGLApplication      - Initializing game
16:41:38.138 [FXGL Background Thread 4 ] DEBUG FXGLAssetLoaderServi - Loading from file system: /assets/ui/fonts/Courier-Prime.ttf
16:41:38.139 [FXGL Background Thread 1 ] DEBUG FXGLAssetLoaderServi - Loading from file system: /assets/music/gato.mp3
16:41:38.174 [JavaFX Application Thread] DEBUG FXGLApplication      - Registering font factories with UI factory
16:41:38.262 [FXGL Background Thread 1 ] DEBUG AudioPlayer          - Playing music com.almasb.fxgl.audio.Music@2e4bdbee
16:41:38.263 [FXGL Background Thread 1 ] DEBUG FXGLAssetLoaderServi - Loading from file system: /assets/textures/neko.png
16:41:38.281 [FXGL Background Thread 1 ] INFO  FXGLApplication      - Game initialization took: 0,144 sec
16:41:38.285 [JavaFX Application Thread] DEBUG Input                - Clearing active input actions
16:41:38.290 [JavaFX Application Thread] DEBUG GameApplicationServi - Removing overlay from FXGLLoadingScene and adding to GameScene
16:41:38.290 [JavaFX Application Thread] DEBUG MainWindow           - FXGLLoadingScene -> GameScene
16:41:38.658 [FXGL Background Thread 2 ] INFO  UpdaterService       - Your current version:  11.13
16:41:38.660 [FXGL Background Thread 2 ] INFO  UpdaterService       - Latest stable version: 21.1
16:41:39.824 [JavaFX Application Thread] DEBUG MainWindow           - Push state: FXGLDefaultMenu
16:41:39.829 [JavaFX Application Thread] DEBUG Input                - Clearing active input actions
16:41:39.833 [JavaFX Application Thread] DEBUG GameApplicationServi - Removing overlay from GameScene and adding to FXGLDefaultMenu
16:41:39.834 [JavaFX Application Thread] DEBUG MainWindow           - GameScene -> FXGLDefaultMenu
16:41:41.081 [FXGL Background Thread 3 ] DEBUG Engine               - Logging environment variables
16:41:41.081 [FXGL Background Thread 3 ] DEBUG Engine               - achievements: []
16:41:41.081 [FXGL Background Thread 3 ] DEBUG Engine               - actualHeight: 700.0
16:41:41.081 [FXGL Background Thread 3 ] DEBUG Engine               - actualHeightProperty: ReadOnlyDoubleProperty [value: 700.0]
16:41:41.081 [FXGL Background Thread 3 ] DEBUG Engine               - actualWidth: 1400.0
16:41:41.081 [FXGL Background Thread 3 ] DEBUG Engine               - actualWidthProperty: ReadOnlyDoubleProperty [value: 1400.0]
16:41:41.081 [FXGL Background Thread 3 ] DEBUG Engine               - appIcon: fxgl_icon.png
16:41:41.081 [FXGL Background Thread 3 ] DEBUG Engine               - applicationMode: DEVELOPER
16:41:41.081 [FXGL Background Thread 3 ] DEBUG Engine               - cSSList: [fxgl_dark.css]
16:41:41.081 [FXGL Background Thread 3 ] DEBUG Engine               - configClass: Optional.empty
16:41:41.081 [FXGL Background Thread 3 ] DEBUG Engine               - credits: []
16:41:41.081 [FXGL Background Thread 3 ] DEBUG Engine               - devBBoxColorProperty: ObjectProperty [value: 0xff0000ff]
16:41:41.081 [FXGL Background Thread 3 ] DEBUG Engine               - devEnableDebugCameraProperty: BooleanProperty [value: false]
16:41:41.082 [FXGL Background Thread 3 ] DEBUG Engine               - devSensorColorProperty: ObjectProperty [value: 0xffff00ff]
16:41:41.082 [FXGL Background Thread 3 ] DEBUG Engine               - devShowBBoxProperty: BooleanProperty [value: false]
16:41:41.082 [FXGL Background Thread 3 ] DEBUG Engine               - devShowPositionProperty: BooleanProperty [value: false]
16:41:41.082 [FXGL Background Thread 3 ] DEBUG Engine               - enabledMenuItems: []
16:41:41.082 [FXGL Background Thread 3 ] DEBUG Engine               - engineServices: [class com.almasb.fxgl.app.FXGLApplication$GameApplicationService, class com.almasb.fxgl.app.services.FXGLDialogService, class com.almasb.fxgl.app.services.IOTaskExecutorService, class com.almasb.fxgl.event.EventBusService, class com.almasb.fxgl.io.FileSystemService, class com.almasb.fxgl.localization.LocalizationService, class com.almasb.fxgl.app.services.FXGLAssetLoaderService, class com.almasb.fxgl.app.services.SystemBundleService, class com.almasb.fxgl.profile.SaveLoadService, class com.almasb.fxgl.ui.FXGLUIFactoryServiceProvider, class com.almasb.fxgl.ui.FXGLDialogFactoryServiceProvider, class com.almasb.fxgl.audio.AudioPlayer, class com.almasb.fxgl.notification.impl.NotificationServiceProvider, class com.almasb.fxgl.achievement.AchievementService, class com.almasb.fxgl.cutscene.CutsceneService, class com.almasb.fxgl.minigames.MiniGameService, class com.almasb.fxgl.net.NetService, class com.almasb.fxgl.app.services.UpdaterService, class com.almasb.fxgl.dev.DevService]
16:41:41.082 [FXGL Background Thread 3 ] DEBUG Engine               - fontGame: Abel-Regular.ttf
16:41:41.082 [FXGL Background Thread 3 ] DEBUG Engine               - fontMono: lucida_console.ttf
16:41:41.082 [FXGL Background Thread 3 ] DEBUG Engine               - fontText: Courier-Prime.ttf
16:41:41.082 [FXGL Background Thread 3 ] DEBUG Engine               - fontUI: VarelaRound-Regular.ttf
16:41:41.082 [FXGL Background Thread 3 ] DEBUG Engine               - fullScreen: BooleanProperty [value: false]
16:41:41.082 [FXGL Background Thread 3 ] DEBUG Engine               - gameDifficulty: MEDIUM
16:41:41.082 [FXGL Background Thread 3 ] DEBUG Engine               - gameDifficultyProperty: ObjectProperty [value: MEDIUM]
16:41:41.082 [FXGL Background Thread 3 ] DEBUG Engine               - globalMusicVolume: 0.5
16:41:41.082 [FXGL Background Thread 3 ] DEBUG Engine               - globalMusicVolumeProperty: DoubleProperty [value: 0.5]
16:41:41.082 [FXGL Background Thread 3 ] DEBUG Engine               - globalSoundVolume: 0.5
16:41:41.082 [FXGL Background Thread 3 ] DEBUG Engine               - globalSoundVolumeProperty: DoubleProperty [value: 0.5]
16:41:41.082 [FXGL Background Thread 3 ] DEBUG Engine               - height: 700
16:41:41.082 [FXGL Background Thread 3 ] DEBUG Engine               - isAndroid: false
16:41:41.082 [FXGL Background Thread 3 ] DEBUG Engine               - isBrowser: false
16:41:41.082 [FXGL Background Thread 3 ] DEBUG Engine               - isClickFeedbackEnabled: false
16:41:41.082 [FXGL Background Thread 3 ] DEBUG Engine               - isCloseConfirmation: false
16:41:41.082 [FXGL Background Thread 3 ] DEBUG Engine               - isDesktop: true
16:41:41.082 [FXGL Background Thread 3 ] DEBUG Engine               - isDeveloperMenuEnabled: false
16:41:41.082 [FXGL Background Thread 3 ] DEBUG Engine               - isEntityPreloadEnabled: true
16:41:41.082 [FXGL Background Thread 3 ] DEBUG Engine               - isExperimental3D: false
16:41:41.082 [FXGL Background Thread 3 ] DEBUG Engine               - isExperimentalNative: false
16:41:41.082 [FXGL Background Thread 3 ] DEBUG Engine               - isExperimentalTiledLargeMap: false
16:41:41.082 [FXGL Background Thread 3 ] DEBUG Engine               - isFileSystemWriteAllowed: true
16:41:41.082 [FXGL Background Thread 3 ] DEBUG Engine               - isFullScreenAllowed: false
16:41:41.082 [FXGL Background Thread 3 ] DEBUG Engine               - isFullScreenFromStart: false
16:41:41.083 [FXGL Background Thread 3 ] DEBUG Engine               - isGameMenuEnabled: true
16:41:41.083 [FXGL Background Thread 3 ] DEBUG Engine               - isIOS: false
16:41:41.083 [FXGL Background Thread 3 ] DEBUG Engine               - isIntroEnabled: false
16:41:41.083 [FXGL Background Thread 3 ] DEBUG Engine               - isLinux: false
16:41:41.083 [FXGL Background Thread 3 ] DEBUG Engine               - isMac: false
16:41:41.083 [FXGL Background Thread 3 ] DEBUG Engine               - isMainMenuEnabled: false
16:41:41.083 [FXGL Background Thread 3 ] DEBUG Engine               - isManualResizeEnabled: false
16:41:41.083 [FXGL Background Thread 3 ] DEBUG Engine               - isMobile: false
16:41:41.083 [FXGL Background Thread 3 ] DEBUG Engine               - isPreserveResizeRatio: false
16:41:41.083 [FXGL Background Thread 3 ] DEBUG Engine               - isProfilingEnabled: false
16:41:41.083 [FXGL Background Thread 3 ] DEBUG Engine               - isScaleAffectedOnResize: true
16:41:41.083 [FXGL Background Thread 3 ] DEBUG Engine               - isSingleStep: false
16:41:41.083 [FXGL Background Thread 3 ] DEBUG Engine               - isUserProfileEnabled: false
16:41:41.083 [FXGL Background Thread 3 ] DEBUG Engine               - isWindows: true
16:41:41.083 [FXGL Background Thread 3 ] DEBUG Engine               - language: ObjectProperty [value: ENGLISH]
16:41:41.083 [FXGL Background Thread 3 ] DEBUG Engine               - menuKey: ESCAPE
16:41:41.083 [FXGL Background Thread 3 ] DEBUG Engine               - notificationViewClass: class com.almasb.fxgl.notification.view.XboxNotificationView
16:41:41.083 [FXGL Background Thread 3 ] DEBUG Engine               - pixelsPerMeter: 50.0
16:41:41.083 [FXGL Background Thread 3 ] DEBUG Engine               - platform: WINDOWS
16:41:41.083 [FXGL Background Thread 3 ] DEBUG Engine               - prefHeightProperty: ReadOnlyDoubleProperty [value: 700.0]
16:41:41.083 [FXGL Background Thread 3 ] DEBUG Engine               - prefWidthProperty: ReadOnlyDoubleProperty [value: 1400.0]
16:41:41.083 [FXGL Background Thread 3 ] DEBUG Engine               - profileDir: profiles/
16:41:41.084 [FXGL Background Thread 3 ] DEBUG Engine               - profileName: StringProperty [value: DEFAULT]
16:41:41.084 [FXGL Background Thread 3 ] DEBUG Engine               - randomSeed: -1
16:41:41.084 [FXGL Background Thread 3 ] DEBUG Engine               - runtimeInfo: RuntimeInfo(platform=WINDOWS, version=11.13, build=26.01.2021 09.01)
16:41:41.084 [FXGL Background Thread 3 ] DEBUG Engine               - saveFileExt: sav
16:41:41.084 [FXGL Background Thread 3 ] DEBUG Engine               - scaledHeightProp$fxgl: DoubleProperty [bound, value: 700.0]
16:41:41.084 [FXGL Background Thread 3 ] DEBUG Engine               - scaledWidthProp$fxgl: DoubleProperty [bound, value: 1400.0]
16:41:41.084 [FXGL Background Thread 3 ] DEBUG Engine               - sceneFactory: com.almasb.fxgl.app.scene.SceneFactory@28666e8
16:41:41.084 [FXGL Background Thread 3 ] DEBUG Engine               - secondsIn24h: 60
16:41:41.084 [FXGL Background Thread 3 ] DEBUG Engine               - soundMenuBack: menu/back.wav
16:41:41.084 [FXGL Background Thread 3 ] DEBUG Engine               - soundMenuPress: menu/press.wav
16:41:41.084 [FXGL Background Thread 3 ] DEBUG Engine               - soundMenuSelect: menu/select.wav
16:41:41.084 [FXGL Background Thread 3 ] DEBUG Engine               - soundNotification: core/notification.wav
16:41:41.084 [FXGL Background Thread 3 ] DEBUG Engine               - stageStyle: DECORATED
16:41:41.084 [FXGL Background Thread 3 ] DEBUG Engine               - supportedLanguages: [ENGLISH, FRENCH, GERMAN, HUNGARIAN, RUSSIAN]
16:41:41.084 [FXGL Background Thread 3 ] DEBUG Engine               - ticksPerSecond: -1
16:41:41.084 [FXGL Background Thread 3 ] DEBUG Engine               - title: Culebrita
16:41:41.084 [FXGL Background Thread 3 ] DEBUG Engine               - urlGithub: https://github.com/AlmasB/FXGL
16:41:41.084 [FXGL Background Thread 3 ] DEBUG Engine               - urlLeaderboard: http://fxgl-top.herokuapp.com/
16:41:41.084 [FXGL Background Thread 3 ] DEBUG Engine               - urlPOM: https://raw.githubusercontent.com/AlmasB/FXGL/master/README.md
16:41:41.084 [FXGL Background Thread 3 ] DEBUG Engine               - version: 0.1
16:41:41.084 [FXGL Background Thread 3 ] DEBUG Engine               - versionCheckDays: 7
16:41:41.084 [FXGL Background Thread 3 ] DEBUG Engine               - width: 1400
16:41:41.084 [FXGL Background Thread 3 ] DEBUG Engine               - Logging services
16:41:41.084 [FXGL Background Thread 3 ] DEBUG Engine               - class com.almasb.fxgl.app.FXGLApplication$GameApplicationService
16:41:41.084 [FXGL Background Thread 3 ] DEBUG Engine               - class com.almasb.fxgl.app.services.FXGLDialogService
16:41:41.084 [FXGL Background Thread 3 ] DEBUG Engine               - class com.almasb.fxgl.app.services.IOTaskExecutorService
16:41:41.084 [FXGL Background Thread 3 ] DEBUG Engine               - class com.almasb.fxgl.event.EventBusService
16:41:41.084 [FXGL Background Thread 3 ] DEBUG Engine               - class com.almasb.fxgl.io.FileSystemService
16:41:41.084 [FXGL Background Thread 3 ] DEBUG Engine               - class com.almasb.fxgl.localization.LocalizationService
16:41:41.085 [FXGL Background Thread 3 ] DEBUG Engine               - class com.almasb.fxgl.app.services.FXGLAssetLoaderService
16:41:41.085 [FXGL Background Thread 3 ] DEBUG Engine               - class com.almasb.fxgl.app.services.SystemBundleService
16:41:41.085 [FXGL Background Thread 3 ] DEBUG Engine               - class com.almasb.fxgl.profile.SaveLoadService
16:41:41.085 [FXGL Background Thread 3 ] DEBUG Engine               - class com.almasb.fxgl.ui.FXGLUIFactoryServiceProvider
16:41:41.085 [FXGL Background Thread 3 ] DEBUG Engine               - class com.almasb.fxgl.ui.FXGLDialogFactoryServiceProvider
16:41:41.085 [FXGL Background Thread 3 ] DEBUG Engine               - class com.almasb.fxgl.audio.AudioPlayer
16:41:41.085 [FXGL Background Thread 3 ] DEBUG Engine               - class com.almasb.fxgl.notification.impl.NotificationServiceProvider
16:41:41.085 [FXGL Background Thread 3 ] DEBUG Engine               - class com.almasb.fxgl.achievement.AchievementService
16:41:41.085 [FXGL Background Thread 3 ] DEBUG Engine               - class com.almasb.fxgl.cutscene.CutsceneService
16:41:41.085 [FXGL Background Thread 3 ] DEBUG Engine               - class com.almasb.fxgl.minigames.MiniGameService
16:41:41.085 [FXGL Background Thread 3 ] DEBUG Engine               - class com.almasb.fxgl.net.NetService
16:41:41.085 [FXGL Background Thread 3 ] DEBUG Engine               - class com.almasb.fxgl.app.services.UpdaterService
16:41:41.085 [FXGL Background Thread 3 ] DEBUG Engine               - class com.almasb.fxgl.dev.DevService
16:41:42.397 [JavaFX Application Thread] DEBUG Menu                 - fireResume()
16:41:42.399 [JavaFX Application Thread] DEBUG MainWindow           - Pop state: FXGLDefaultMenu
16:41:42.399 [JavaFX Application Thread] DEBUG Input                - Clearing active input actions
16:41:42.400 [JavaFX Application Thread] DEBUG GameApplicationServi - Removing overlay from FXGLDefaultMenu and adding to GameScene
16:41:42.400 [JavaFX Application Thread] DEBUG MainWindow           - GameScene <- FXGLDefaultMenu
16:41:43.416 [JavaFX Application Thread] DEBUG MainWindow           - Push state: FXGLDefaultMenu
16:41:43.416 [JavaFX Application Thread] DEBUG Input                - Clearing active input actions
16:41:43.419 [JavaFX Application Thread] DEBUG GameApplicationServi - Removing overlay from GameScene and adding to FXGLDefaultMenu
16:41:43.419 [JavaFX Application Thread] DEBUG MainWindow           - GameScene -> FXGLDefaultMenu
16:41:47.082 [JavaFX Application Thread] DEBUG MainWindow           - Pop state: FXGLDefaultMenu
16:41:47.082 [JavaFX Application Thread] DEBUG Input                - Clearing active input actions
16:41:47.083 [JavaFX Application Thread] DEBUG GameApplicationServi - Removing overlay from FXGLDefaultMenu and adding to GameScene
16:41:47.083 [JavaFX Application Thread] DEBUG MainWindow           - GameScene <- FXGLDefaultMenu
16:41:47.752 [JavaFX Application Thread] DEBUG MainWindow           - Push state: FXGLDefaultMenu
16:41:47.752 [JavaFX Application Thread] DEBUG Input                - Clearing active input actions
16:41:47.753 [JavaFX Application Thread] DEBUG GameApplicationServi - Removing overlay from GameScene and adding to FXGLDefaultMenu
16:41:47.753 [JavaFX Application Thread] DEBUG MainWindow           - GameScene -> FXGLDefaultMenu
16:41:49.390 [JavaFX Application Thread] DEBUG Menu                 - fireExit()
16:41:49.392 [JavaFX Application Thread] DEBUG MainWindow           - Push state: DialogSubScene
16:41:49.392 [JavaFX Application Thread] DEBUG Input                - Clearing active input actions
16:41:49.393 [JavaFX Application Thread] DEBUG GameApplicationServi - Removing overlay from FXGLDefaultMenu and adding to DialogSubScene
16:41:49.393 [JavaFX Application Thread] DEBUG MainWindow           - FXGLDefaultMenu -> DialogSubScene
16:41:53.102 [JavaFX Application Thread] DEBUG MainWindow           - Pop state: DialogSubScene
16:41:53.102 [JavaFX Application Thread] DEBUG Input                - Clearing active input actions
16:41:53.102 [JavaFX Application Thread] DEBUG GameApplicationServi - Removing overlay from DialogSubScene and adding to FXGLDefaultMenu
16:41:53.102 [JavaFX Application Thread] DEBUG MainWindow           - FXGLDefaultMenu <- DialogSubScene
16:41:53.102 [JavaFX Application Thread] DEBUG FXGLApplication      - Exiting FXGL
16:41:53.102 [JavaFX Application Thread] DEBUG LoopRunner           - Stopping loop
16:41:53.102 [JavaFX Application Thread] DEBUG SystemBundleService  - Saving FXGL system data
16:41:53.104 [JavaFX Application Thread] DEBUG FileSystemAccess     - Writing to: C:\Users\Jose\Documents\Universidad\demo\system\fxgl.bundle
16:41:53.106 [JavaFX Application Thread] DEBUG Async                - Shutting down background threads
16:41:53.106 [JavaFX Application Thread] DEBUG MainWindow           - Closing main window
16:41:53.120 [JavaFX Application Thread] DEBUG Logger               - Closing Logger
