12:29:56.184 [main                     ] DEBUG Logger               - Configured Logger
12:29:56.201 [main                     ] DEBUG GameApplication      - Logging settings
Title: Culebrita
Version: 0.1
Width: 1400
Height: 700
Fullscreen: false
Intro: false
Profiling: false
Single step:false
App Mode: DEVELOPER
Menu Key: ESCAPE
Stage Style: DECORATED
Scene Factory: class com.almasb.fxgl.app.scene.SceneFactory

12:29:56.535 [JavaFX Application Thread] DEBUG FXGLApplication      - Initializing FXGL
12:29:56.538 [JavaFX Application Thread] INFO  Engine               - FXGL-17.3 (30.03.2023 11.49) on WINDOWS (J:21.0.3 FX:21)
12:29:56.538 [JavaFX Application Thread] DEBUG Engine               - JRE Vendor Name: Amazon.com Inc.
12:29:56.538 [JavaFX Application Thread] DEBUG Engine               - Running on OS: Windows 11 version 10.0
12:29:56.538 [JavaFX Application Thread] DEBUG Engine               - Architecture: amd64
12:29:56.538 [JavaFX Application Thread] INFO  Engine               - Source code and latest versions at: https://github.com/AlmasB/FXGL
12:29:56.539 [JavaFX Application Thread] INFO  Engine               -       Ask questions and discuss at: https://github.com/AlmasB/FXGL/discussions
12:29:56.539 [JavaFX Application Thread] INFO  Engine               -              Join the FXGL chat at: https://gitter.im/AlmasB/FXGL
12:29:56.605 [JavaFX Application Thread] DEBUG PrimaryStageWindow   - Creating a JavaFX scene
12:29:56.646 [JavaFX Application Thread] DEBUG PrimaryStageWindow   - Target settings size: 1400.0 x 700.0
12:29:56.646 [JavaFX Application Thread] DEBUG PrimaryStageWindow   - Scaled scene size:    1400.0 x 700.0
12:29:56.646 [JavaFX Application Thread] DEBUG PrimaryStageWindow   - Scaled ratio: (1.0, 1.0)
12:29:56.647 [JavaFX Application Thread] DEBUG PrimaryStageWindow   - Set initial scene to FXGLStartupScene
12:29:56.650 [JavaFX Application Thread] DEBUG PrimaryStageWindow   - Opening main window
12:29:56.709 [JavaFX Application Thread] DEBUG PrimaryStageWindow   - Window border size: (14.4000244140625, 37.5999755859375)
12:29:56.710 [JavaFX Application Thread] DEBUG PrimaryStageWindow   - Scaled size: 1400.0 x 700.0
12:29:56.710 [JavaFX Application Thread] DEBUG PrimaryStageWindow   - Scaled ratio: (1.0, 1.0)
12:29:56.710 [JavaFX Application Thread] DEBUG PrimaryStageWindow   - Scene size: 1400.0 x 700.0
12:29:56.710 [JavaFX Application Thread] DEBUG PrimaryStageWindow   - Stage size: 1414.4000244140625 x 737.5999755859375
12:29:56.715 [FXGL Background Thread 1 ] DEBUG Engine               - Initializing environment variables
12:29:56.762 [FXGL Background Thread 1 ] DEBUG FXGLAssetLoaderServi - User app class for loading assets: class appRunner.CulebritaApplication
12:29:56.763 [FXGL Background Thread 1 ] DEBUG GameApplicationServi - Applying CSS: fxgl_dark.css
12:29:56.763 [FXGL Background Thread 1 ] DEBUG FXGLAssetLoaderServi - Loading from file system: jar:file:///C:/Users/Jose/.m2/repository/com/github/almasb/fxgl/17.3/fxgl-17.3.jar!/fxglassets/ui/css/fxgl_dark.css
12:29:56.795 [FXGL Background Thread 1 ] DEBUG GameApplicationServi - Initializing application scenes
12:29:56.829 [FXGL Background Thread 1 ] DEBUG GameWorld            - Game world initialized
12:29:56.894 [FXGL Background Thread 1 ] DEBUG PhysicsWorld         - Physics world initialized: appHeight=700, physics.ppm=50,0
12:29:56.894 [FXGL Background Thread 1 ] DEBUG PhysicsWorld         - Using strategy: BRUTE_FORCE
12:29:56.897 [FXGL Background Thread 1 ] DEBUG GameScene            - Game scene initialized: 1400x700
12:29:56.904 [FXGL Background Thread 1 ] DEBUG FXGL.DefaultMenu     - createMenuBodyGameMenu()
12:29:56.913 [FXGL Background Thread 1 ] DEBUG FXGL.DefaultMenu     - createOptionsMenu()
12:29:56.918 [FXGL Background Thread 1 ] DEBUG FXGLAssetLoaderServi - Loading from file system: jar:file:///C:/Users/Jose/.m2/repository/com/github/almasb/fxgl/17.3/fxgl-17.3.jar!/fxglassets/textures/particles/smoke.png
12:29:56.985 [FXGL Background Thread 1 ] DEBUG FXGLAssetLoaderServi - Loading from file system: jar:file:///C:/Users/Jose/.m2/repository/com/github/almasb/fxgl/17.3/fxgl-17.3.jar!/fxglassets/textures/particles/trace_horizontal.png
12:29:57.005 [FXGL Background Thread 1 ] DEBUG GameApplicationServi - Application scenes initialized
12:29:57.012 [FXGL Background Thread 1 ] DEBUG SystemBundleService  - Loading FXGL system data
12:29:57.016 [FXGL Background Thread 1 ] DEBUG FileSystemAccess     - Reading from: C:\Users\Jose\Documents\Universidad\demo\system\fxgl.bundle
12:29:57.023 [FXGL Background Thread 1 ] DEBUG SystemBundleService  - Bundle FXGL: {}
12:29:57.023 [FXGL Background Thread 1 ] DEBUG UpdaterService       - Checking for updates
12:29:57.026 [FXGL Background Thread 4 ] DEBUG FXGLApplication      - Loading fonts
12:29:57.027 [FXGL Background Thread 4 ] DEBUG FXGLAssetLoaderServi - Loading from file system: jar:file:///C:/Users/Jose/.m2/repository/com/github/almasb/fxgl/17.3/fxgl-17.3.jar!/fxglassets/ui/fonts/VarelaRound-Regular.ttf
12:29:57.027 [FXGL Background Thread 1 ] DEBUG FXGLApplication      - Loading default localization
12:29:57.028 [FXGL Background Thread 1 ] DEBUG FXGLAssetLoaderServi - Loading from file system: jar:file:///C:/Users/Jose/.m2/repository/com/github/almasb/fxgl/17.3/fxgl-17.3.jar!/fxglassets/languages/english.lang
12:29:57.048 [FXGL Background Thread 1 ] INFO  FXGLApplication      - FXGL initialization took: 0,333 sec
12:29:57.058 [JavaFX Application Thread] DEBUG Input                - Registered new binding: Mover hacia arriba - Up
12:29:57.058 [JavaFX Application Thread] DEBUG Input                - Registered new binding: Mover hacia abajo - Down
12:29:57.058 [JavaFX Application Thread] DEBUG Input                - Registered new binding: Mover hacia la izquierda - Left
12:29:57.058 [JavaFX Application Thread] DEBUG Input                - Registered new binding: Mover hacia la derecha - Right
12:29:57.059 [JavaFX Application Thread] DEBUG FXGLAssetLoaderServi - Loading from file system: jar:file:///C:/Users/Jose/.m2/repository/com/github/almasb/fxgl/17.3/fxgl-17.3.jar!/fxglassets/textures/fxgl_icon.png
12:29:57.060 [FXGL Background Thread 4 ] DEBUG FXGLAssetLoaderServi - Loading from file system: jar:file:///C:/Users/Jose/.m2/repository/com/github/almasb/fxgl/17.3/fxgl-17.3.jar!/fxglassets/ui/fonts/Abel-Regular.ttf
12:29:57.067 [FXGL Background Thread 4 ] DEBUG FXGLAssetLoaderServi - Loading from file system: jar:file:///C:/Users/Jose/.m2/repository/com/github/almasb/fxgl/17.3/fxgl-17.3.jar!/fxglassets/ui/fonts/TerminalLandMono-Regular.otf
12:29:57.074 [JavaFX Application Thread] DEBUG FXGLAssetLoaderServi - Loading from file system: jar:file:///C:/Users/Jose/.m2/repository/com/github/almasb/fxgl/17.3/fxgl-17.3.jar!/fxglassets/textures/fxgl_default_cursor.png
12:29:57.076 [JavaFX Application Thread] DEBUG Input                - Registered new binding: Screenshot - CTRL+8
12:29:57.076 [JavaFX Application Thread] DEBUG Input                - Registered new binding: System info dump - CTRL+9
12:29:57.077 [FXGL Background Thread 4 ] DEBUG FXGLAssetLoaderServi - Loading from file system: jar:file:///C:/Users/Jose/.m2/repository/com/github/almasb/fxgl/17.3/fxgl-17.3.jar!/fxglassets/ui/fonts/Courier-Prime.ttf
12:29:57.077 [JavaFX Application Thread] DEBUG Input                - Registered new binding: Restart - CTRL+R
12:29:57.077 [JavaFX Application Thread] DEBUG Input                - Registered new binding: Toggle Debug Camera - CTRL+7
12:29:57.080 [JavaFX Application Thread] DEBUG LoopRunner           - Starting loop
12:29:57.080 [JavaFX Application Thread] DEBUG LoopRunner           - Initializing JavaFX AnimationTimerLoop
12:29:57.080 [JavaFX Application Thread] DEBUG GameApplicationServi - Starting new game
12:29:57.081 [JavaFX Application Thread] DEBUG Input                - Clearing active input actions
12:29:57.091 [JavaFX Application Thread] DEBUG GameApplicationServi - Removing overlay from FXGLStartupScene and adding to FXGLLoadingScene
12:29:57.091 [JavaFX Application Thread] DEBUG PrimaryStageWindow   - FXGLStartupScene -> FXGLLoadingScene
12:29:57.091 [JavaFX Application Thread] DEBUG GameApplicationServi - Clearing previous game
12:29:57.091 [JavaFX Application Thread] DEBUG GameScene            - Clearing game scene
12:29:57.091 [JavaFX Application Thread] DEBUG GameWorld            - Clearing game world
12:29:57.091 [JavaFX Application Thread] DEBUG PhysicsWorld         - Clearing physics world
12:29:57.093 [FXGL Background Thread 4 ] DEBUG FXGLApplication      - Initializing game
12:29:57.093 [JavaFX Application Thread] DEBUG FXGLApplication      - Registering font factories with UI factory
12:29:57.096 [FXGL Background Thread 4 ] WARN  FXGLAssetLoaderServi - Asset "/assets/textures/neco.png" was not found!
12:29:57.097 [FXGL Background Thread 4 ] WARN  FXGLAssetLoaderServi - Failed to load IMAGE
12:29:57.217 [JavaFX Application Thread] DEBUG LoopRunner           - Stopping loop
12:29:57.219 [JavaFX Application Thread] FATAL FXGLApplication      - Uncaught Exception:
java.lang.RuntimeException: Initialization failed
	at com.almasb.fxgl.all@17.3/com.almasb.fxgl.app.FXGLApplication$InitAppTask.failed(FXGLApplication.kt:343)
	at javafx.graphics@21/javafx.concurrent.Task.setState(Task.java:710)
	at javafx.graphics@21/javafx.concurrent.Task$TaskCallable.lambda$call$2(Task.java:1429)
	at javafx.graphics@21/com.sun.javafx.application.PlatformImpl.lambda$runLater$10(PlatformImpl.java:456)
	at java.base/java.security.AccessController.doPrivileged(AccessController.java:400)
	at javafx.graphics@21/com.sun.javafx.application.PlatformImpl.lambda$runLater$11(PlatformImpl.java:455)
	at javafx.graphics@21/com.sun.glass.ui.InvokeLaterDispatcher$Future.run(InvokeLaterDispatcher.java:95)
	at javafx.graphics@21/com.sun.glass.ui.win.WinApplication._runLoop(Native Method)
	at javafx.graphics@21/com.sun.glass.ui.win.WinApplication.lambda$runLoop$3(WinApplication.java:185)
	at java.base/java.lang.Thread.run(Thread.java:1583)
Caused by: java.lang.NullPointerException: Cannot assign field "cabeza" because "this.jugador" is null
	at org.proyecto.demo/settings.Hooks.initGame(Hooks.java:50)
	at com.almasb.fxgl.all@17.3/com.almasb.fxgl.app.FXGLApplication$InitAppTask.initGame(FXGLApplication.kt:339)
	at com.almasb.fxgl.all@17.3/com.almasb.fxgl.app.FXGLApplication$InitAppTask.call(FXGLApplication.kt:319)
	at com.almasb.fxgl.all@17.3/com.almasb.fxgl.app.FXGLApplication$InitAppTask.call(FXGLApplication.kt:311)
	at javafx.graphics@21/javafx.concurrent.Task$TaskCallable.call(Task.java:1399)
	at java.base/java.util.concurrent.FutureTask.run(FutureTask.java:317)
	at java.base/java.util.concurrent.Executors$RunnableAdapter.call(Executors.java:572)
	at java.base/java.util.concurrent.FutureTask.run(FutureTask.java:317)
	at java.base/java.util.concurrent.ThreadPoolExecutor.runWorker(ThreadPoolExecutor.java:1144)
	at java.base/java.util.concurrent.ThreadPoolExecutor$Worker.run(ThreadPoolExecutor.java:642)
	... 1 more

12:29:57.219 [JavaFX Application Thread] FATAL FXGLApplication      - Application will now exit
12:29:57.230 [JavaFX Application Thread] DEBUG PrimaryStageWindow   - Push state: ErrorSubScene
12:29:57.230 [JavaFX Application Thread] DEBUG Input                - Clearing active input actions
12:29:57.233 [JavaFX Application Thread] DEBUG GameApplicationServi - Removing overlay from FXGLLoadingScene and adding to ErrorSubScene
12:29:57.233 [JavaFX Application Thread] DEBUG PrimaryStageWindow   - FXGLLoadingScene -> ErrorSubScene
12:29:57.618 [FXGL Background Thread 2 ] INFO  UpdaterService       - Your current version:  17.3
12:29:57.618 [FXGL Background Thread 2 ] INFO  UpdaterService       - Latest stable version: 21.1
12:30:00.027 [FXGL Background Thread 3 ] DEBUG Engine               - Logging environment variables
12:30:00.027 [FXGL Background Thread 3 ] DEBUG Engine               - achievements: []
12:30:00.027 [FXGL Background Thread 3 ] DEBUG Engine               - actualHeight: 700.0
12:30:00.027 [FXGL Background Thread 3 ] DEBUG Engine               - actualHeightProperty: ReadOnlyDoubleProperty [value: 700.0]
12:30:00.027 [FXGL Background Thread 3 ] DEBUG Engine               - actualWidth: 1400.0
12:30:00.027 [FXGL Background Thread 3 ] DEBUG Engine               - actualWidthProperty: ReadOnlyDoubleProperty [value: 1400.0]
12:30:00.027 [FXGL Background Thread 3 ] DEBUG Engine               - appIcon: fxgl_icon.png
12:30:00.028 [FXGL Background Thread 3 ] DEBUG Engine               - applicationMode: DEVELOPER
12:30:00.028 [FXGL Background Thread 3 ] DEBUG Engine               - cSSList: [fxgl_dark.css]
12:30:00.028 [FXGL Background Thread 3 ] DEBUG Engine               - collisionDetectionStrategy: BRUTE_FORCE
12:30:00.028 [FXGL Background Thread 3 ] DEBUG Engine               - configClass: Optional.empty
12:30:00.028 [FXGL Background Thread 3 ] DEBUG Engine               - credits: []
12:30:00.028 [FXGL Background Thread 3 ] DEBUG Engine               - defaultCursor: CursorInfo(imageName=fxgl_default_cursor.png, hotspotX=7.0, hotspotY=6.0)
12:30:00.028 [FXGL Background Thread 3 ] DEBUG Engine               - devBBoxColorProperty: ObjectProperty [value: 0xff0000ff]
12:30:00.028 [FXGL Background Thread 3 ] DEBUG Engine               - devEnableDebugCameraProperty: BooleanProperty [value: false]
12:30:00.028 [FXGL Background Thread 3 ] DEBUG Engine               - devSensorColorProperty: ObjectProperty [value: 0xffff00ff]
12:30:00.028 [FXGL Background Thread 3 ] DEBUG Engine               - devShowBBoxProperty: BooleanProperty [value: false]
12:30:00.028 [FXGL Background Thread 3 ] DEBUG Engine               - devShowPositionProperty: BooleanProperty [value: false]
12:30:00.028 [FXGL Background Thread 3 ] DEBUG Engine               - enabledMenuItems: []
12:30:00.028 [FXGL Background Thread 3 ] DEBUG Engine               - engineServices: [class com.almasb.fxgl.app.services.FXGLAssetLoaderService, class com.almasb.fxgl.app.FXGLApplication$GameApplicationService, class com.almasb.fxgl.app.services.FXGLDialogService, class com.almasb.fxgl.app.services.IOTaskExecutorService, class com.almasb.fxgl.io.FileSystemService, class com.almasb.fxgl.localization.LocalizationService, class com.almasb.fxgl.app.services.SystemBundleService, class com.almasb.fxgl.profile.SaveLoadService, class com.almasb.fxgl.ui.FXGLUIFactoryServiceProvider, class com.almasb.fxgl.ui.FXGLDialogFactoryServiceProvider, class com.almasb.fxgl.audio.AudioPlayer, class com.almasb.fxgl.notification.impl.NotificationServiceProvider, class com.almasb.fxgl.achievement.AchievementService, class com.almasb.fxgl.cutscene.CutsceneService, class com.almasb.fxgl.minigames.MiniGameService, class com.almasb.fxgl.net.NetService, class com.almasb.fxgl.app.services.UpdaterService, class com.almasb.fxgl.dev.DevService]
12:30:00.029 [FXGL Background Thread 3 ] DEBUG Engine               - fontGame: Abel-Regular.ttf
12:30:00.029 [FXGL Background Thread 3 ] DEBUG Engine               - fontMono: TerminalLandMono-Regular.otf
12:30:00.029 [FXGL Background Thread 3 ] DEBUG Engine               - fontSizeScaleUI: 1.0
12:30:00.029 [FXGL Background Thread 3 ] DEBUG Engine               - fontText: Courier-Prime.ttf
12:30:00.029 [FXGL Background Thread 3 ] DEBUG Engine               - fontUI: VarelaRound-Regular.ttf
12:30:00.029 [FXGL Background Thread 3 ] DEBUG Engine               - fullScreen: BooleanProperty [value: false]
12:30:00.029 [FXGL Background Thread 3 ] DEBUG Engine               - gameDifficulty: MEDIUM
12:30:00.029 [FXGL Background Thread 3 ] DEBUG Engine               - gameDifficultyProperty: ObjectProperty [value: MEDIUM]
12:30:00.029 [FXGL Background Thread 3 ] DEBUG Engine               - globalMusicVolume: 0.5
12:30:00.029 [FXGL Background Thread 3 ] DEBUG Engine               - globalMusicVolumeProperty: DoubleProperty [value: 0.5]
12:30:00.029 [FXGL Background Thread 3 ] DEBUG Engine               - globalSoundVolume: 0.5
12:30:00.029 [FXGL Background Thread 3 ] DEBUG Engine               - globalSoundVolumeProperty: DoubleProperty [value: 0.5]
12:30:00.029 [FXGL Background Thread 3 ] DEBUG Engine               - height: 700
12:30:00.029 [FXGL Background Thread 3 ] DEBUG Engine               - is3D: false
12:30:00.029 [FXGL Background Thread 3 ] DEBUG Engine               - isAndroid: false
12:30:00.029 [FXGL Background Thread 3 ] DEBUG Engine               - isBrowser: false
12:30:00.029 [FXGL Background Thread 3 ] DEBUG Engine               - isClickFeedbackEnabled: false
12:30:00.029 [FXGL Background Thread 3 ] DEBUG Engine               - isCloseConfirmation: false
12:30:00.029 [FXGL Background Thread 3 ] DEBUG Engine               - isDesktop: true
12:30:00.029 [FXGL Background Thread 3 ] DEBUG Engine               - isDeveloperMenuEnabled: false
12:30:00.029 [FXGL Background Thread 3 ] DEBUG Engine               - isEmbedded: false
12:30:00.030 [FXGL Background Thread 3 ] DEBUG Engine               - isEntityPreloadEnabled: true
12:30:00.030 [FXGL Background Thread 3 ] DEBUG Engine               - isExperimentalTiledLargeMap: false
12:30:00.030 [FXGL Background Thread 3 ] DEBUG Engine               - isFileSystemWriteAllowed: true
12:30:00.030 [FXGL Background Thread 3 ] DEBUG Engine               - isFullScreenAllowed: false
12:30:00.030 [FXGL Background Thread 3 ] DEBUG Engine               - isFullScreenFromStart: false
12:30:00.030 [FXGL Background Thread 3 ] DEBUG Engine               - isGameMenuEnabled: true
12:30:00.030 [FXGL Background Thread 3 ] DEBUG Engine               - isIOS: false
12:30:00.030 [FXGL Background Thread 3 ] DEBUG Engine               - isIntroEnabled: false
12:30:00.030 [FXGL Background Thread 3 ] DEBUG Engine               - isLinux: false
12:30:00.030 [FXGL Background Thread 3 ] DEBUG Engine               - isMac: false
12:30:00.030 [FXGL Background Thread 3 ] DEBUG Engine               - isMainMenuEnabled: false
12:30:00.030 [FXGL Background Thread 3 ] DEBUG Engine               - isManualResizeEnabled: false
12:30:00.030 [FXGL Background Thread 3 ] DEBUG Engine               - isMobile: false
12:30:00.030 [FXGL Background Thread 3 ] DEBUG Engine               - isNative: false
12:30:00.030 [FXGL Background Thread 3 ] DEBUG Engine               - isPauseMusicWhenMinimized: true
12:30:00.030 [FXGL Background Thread 3 ] DEBUG Engine               - isPreserveResizeRatio: false
12:30:00.030 [FXGL Background Thread 3 ] DEBUG Engine               - isProfilingEnabled: false
12:30:00.030 [FXGL Background Thread 3 ] DEBUG Engine               - isScaleAffectedOnResize: true
12:30:00.030 [FXGL Background Thread 3 ] DEBUG Engine               - isSingleStep: false
12:30:00.030 [FXGL Background Thread 3 ] DEBUG Engine               - isUserProfileEnabled: false
12:30:00.030 [FXGL Background Thread 3 ] DEBUG Engine               - isWindows: true
12:30:00.030 [FXGL Background Thread 3 ] DEBUG Engine               - language: ObjectProperty [value: ENGLISH]
12:30:00.030 [FXGL Background Thread 3 ] DEBUG Engine               - menuKey: ESCAPE
12:30:00.030 [FXGL Background Thread 3 ] DEBUG Engine               - mouseSensitivity: 0.2
12:30:00.030 [FXGL Background Thread 3 ] DEBUG Engine               - notificationViewClass: class com.almasb.fxgl.notification.view.XboxNotificationView
12:30:00.030 [FXGL Background Thread 3 ] DEBUG Engine               - pixelsPerMeter: 50.0
12:30:00.031 [FXGL Background Thread 3 ] DEBUG Engine               - platform: WINDOWS
12:30:00.031 [FXGL Background Thread 3 ] DEBUG Engine               - prefHeightProperty: ReadOnlyDoubleProperty [value: 700.0]
12:30:00.031 [FXGL Background Thread 3 ] DEBUG Engine               - prefWidthProperty: ReadOnlyDoubleProperty [value: 1400.0]
12:30:00.031 [FXGL Background Thread 3 ] DEBUG Engine               - profileDir: profiles/
12:30:00.031 [FXGL Background Thread 3 ] DEBUG Engine               - profileName: StringProperty [value: DEFAULT]
12:30:00.031 [FXGL Background Thread 3 ] DEBUG Engine               - randomSeed: -1
12:30:00.031 [FXGL Background Thread 3 ] DEBUG Engine               - runtimeInfo: RuntimeInfo(platform=WINDOWS, version=17.3, build=30.03.2023 11.49)
12:30:00.031 [FXGL Background Thread 3 ] DEBUG Engine               - saveFileExt: sav
12:30:00.031 [FXGL Background Thread 3 ] DEBUG Engine               - scaledHeightProp$fxgl: DoubleProperty [bound, value: 700.0]
12:30:00.031 [FXGL Background Thread 3 ] DEBUG Engine               - scaledWidthProp$fxgl: DoubleProperty [bound, value: 1400.0]
12:30:00.031 [FXGL Background Thread 3 ] DEBUG Engine               - sceneFactory: com.almasb.fxgl.app.scene.SceneFactory@6a1d221f
12:30:00.031 [FXGL Background Thread 3 ] DEBUG Engine               - secondsIn24h: 60
12:30:00.031 [FXGL Background Thread 3 ] DEBUG Engine               - soundMenuBack: menu/back.wav
12:30:00.031 [FXGL Background Thread 3 ] DEBUG Engine               - soundMenuPress: menu/press.wav
12:30:00.031 [FXGL Background Thread 3 ] DEBUG Engine               - soundMenuSelect: menu/select.wav
12:30:00.031 [FXGL Background Thread 3 ] DEBUG Engine               - soundNotification: core/notification.wav
12:30:00.031 [FXGL Background Thread 3 ] DEBUG Engine               - stageStyle: DECORATED
12:30:00.031 [FXGL Background Thread 3 ] DEBUG Engine               - supportedLanguages: [ENGLISH, FRENCH, GERMAN, HUNGARIAN, RUSSIAN]
12:30:00.031 [FXGL Background Thread 3 ] DEBUG Engine               - ticksPerSecond: -1
12:30:00.031 [FXGL Background Thread 3 ] DEBUG Engine               - title: Culebrita
12:30:00.032 [FXGL Background Thread 3 ] DEBUG Engine               - urlGithub: https://github.com/AlmasB/FXGL
12:30:00.032 [FXGL Background Thread 3 ] DEBUG Engine               - urlLeaderboard: http://fxgl-top.herokuapp.com/
12:30:00.032 [FXGL Background Thread 3 ] DEBUG Engine               - urlPOM: https://raw.githubusercontent.com/AlmasB/FXGL/release/README.md
12:30:00.032 [FXGL Background Thread 3 ] DEBUG Engine               - userAppClass: class appRunner.CulebritaApplication
12:30:00.032 [FXGL Background Thread 3 ] DEBUG Engine               - version: 0.1
12:30:00.032 [FXGL Background Thread 3 ] DEBUG Engine               - versionCheckDays: 7
12:30:00.032 [FXGL Background Thread 3 ] DEBUG Engine               - width: 1400
12:30:00.032 [FXGL Background Thread 3 ] DEBUG Engine               - Logging services
12:30:00.032 [FXGL Background Thread 3 ] DEBUG Engine               - class com.almasb.fxgl.app.services.FXGLAssetLoaderService
12:30:00.032 [FXGL Background Thread 3 ] DEBUG Engine               - class com.almasb.fxgl.app.FXGLApplication$GameApplicationService
12:30:00.032 [FXGL Background Thread 3 ] DEBUG Engine               - class com.almasb.fxgl.app.services.FXGLDialogService
12:30:00.032 [FXGL Background Thread 3 ] DEBUG Engine               - class com.almasb.fxgl.app.services.IOTaskExecutorService
12:30:00.032 [FXGL Background Thread 3 ] DEBUG Engine               - class com.almasb.fxgl.io.FileSystemService
12:30:00.032 [FXGL Background Thread 3 ] DEBUG Engine               - class com.almasb.fxgl.localization.LocalizationService
12:30:00.032 [FXGL Background Thread 3 ] DEBUG Engine               - class com.almasb.fxgl.app.services.SystemBundleService
12:30:00.032 [FXGL Background Thread 3 ] DEBUG Engine               - class com.almasb.fxgl.profile.SaveLoadService
12:30:00.032 [FXGL Background Thread 3 ] DEBUG Engine               - class com.almasb.fxgl.ui.FXGLUIFactoryServiceProvider
12:30:00.032 [FXGL Background Thread 3 ] DEBUG Engine               - class com.almasb.fxgl.ui.FXGLDialogFactoryServiceProvider
12:30:00.032 [FXGL Background Thread 3 ] DEBUG Engine               - class com.almasb.fxgl.audio.AudioPlayer
12:30:00.032 [FXGL Background Thread 3 ] DEBUG Engine               - class com.almasb.fxgl.notification.impl.NotificationServiceProvider
12:30:00.032 [FXGL Background Thread 3 ] DEBUG Engine               - class com.almasb.fxgl.achievement.AchievementService
12:30:00.032 [FXGL Background Thread 3 ] DEBUG Engine               - class com.almasb.fxgl.cutscene.CutsceneService
12:30:00.032 [FXGL Background Thread 3 ] DEBUG Engine               - class com.almasb.fxgl.minigames.MiniGameService
12:30:00.032 [FXGL Background Thread 3 ] DEBUG Engine               - class com.almasb.fxgl.net.NetService
12:30:00.032 [FXGL Background Thread 3 ] DEBUG Engine               - class com.almasb.fxgl.app.services.UpdaterService
12:30:00.033 [FXGL Background Thread 3 ] DEBUG Engine               - class com.almasb.fxgl.dev.DevService
12:30:05.758 [JavaFX Application Thread] DEBUG FXGLApplication      - Exiting FXGL
12:30:05.758 [JavaFX Application Thread] DEBUG Async                - Shutting down background threads
12:30:05.758 [JavaFX Application Thread] DEBUG PrimaryStageWindow   - Closing main window
12:30:05.772 [JavaFX Application Thread] DEBUG Logger               - Closing Logger
